{"/Users/maxuser/Documents/projects/scello_be_task_manager/src/app.ts": {"path":"/Users/maxuser/Documents/projects/scello_be_task_manager/src/app.ts","statementMap":{"0":{"start":{"line":2,"column":0},"end":{"line":2,"column":22}},"1":{"start":{"line":3,"column":0},"end":{"line":3,"column":30}},"2":{"start":{"line":4,"column":0},"end":{"line":4,"column":24}},"3":{"start":{"line":5,"column":0},"end":{"line":5,"column":28}},"4":{"start":{"line":6,"column":0},"end":{"line":6,"column":43}},"5":{"start":{"line":7,"column":0},"end":{"line":7,"column":41}},"6":{"start":{"line":8,"column":0},"end":{"line":8,"column":46}},"7":{"start":{"line":9,"column":0},"end":{"line":9,"column":46}},"8":{"start":{"line":10,"column":0},"end":{"line":10,"column":81}},"9":{"start":{"line":12,"column":12},"end":{"line":12,"column":21}},"10":{"start":{"line":15,"column":0},"end":{"line":15,"column":16}},"11":{"start":{"line":16,"column":0},"end":{"line":16,"column":24}},"12":{"start":{"line":17,"column":0},"end":{"line":17,"column":48}},"13":{"start":{"line":18,"column":0},"end":{"line":18,"column":18}},"14":{"start":{"line":20,"column":0},"end":{"line":23,"column":3}},"15":{"start":{"line":21,"column":4},"end":{"line":21,"column":62}},"16":{"start":{"line":22,"column":4},"end":{"line":22,"column":11}},"17":{"start":{"line":26,"column":0},"end":{"line":28,"column":3}},"18":{"start":{"line":27,"column":4},"end":{"line":27,"column":78}},"19":{"start":{"line":31,"column":0},"end":{"line":31,"column":87}},"20":{"start":{"line":34,"column":0},"end":{"line":34,"column":20}},"21":{"start":{"line":37,"column":0},"end":{"line":37,"column":37}},"22":{"start":{"line":38,"column":0},"end":{"line":38,"column":37}},"23":{"start":{"line":41,"column":0},"end":{"line":41,"column":22}},"24":{"start":{"line":43,"column":0},"end":{"line":43,"column":19}}},"fnMap":{"0":{"name":"(anonymous_1)","decl":{"start":{"line":20,"column":8},"end":{"line":20,"column":9}},"loc":{"start":{"line":20,"column":27},"end":{"line":23,"column":1}}},"1":{"name":"(anonymous_2)","decl":{"start":{"line":26,"column":19},"end":{"line":26,"column":20}},"loc":{"start":{"line":26,"column":32},"end":{"line":28,"column":1}}}},"branchMap":{},"s":{"0":0,"1":0,"2":0,"3":0,"4":0,"5":0,"6":0,"7":0,"8":0,"9":0,"10":0,"11":0,"12":0,"13":0,"14":0,"15":0,"16":0,"17":0,"18":0,"19":0,"20":0,"21":0,"22":0,"23":0,"24":0},"f":{"0":0,"1":0},"b":{}}
,"/Users/maxuser/Documents/projects/scello_be_task_manager/src/server.ts": {"path":"/Users/maxuser/Documents/projects/scello_be_task_manager/src/server.ts","statementMap":{"0":{"start":{"line":1,"column":0},"end":{"line":1,"column":24}},"1":{"start":{"line":2,"column":0},"end":{"line":2,"column":28}},"2":{"start":{"line":3,"column":0},"end":{"line":3,"column":47}},"3":{"start":{"line":5,"column":0},"end":{"line":5,"column":16}},"4":{"start":{"line":7,"column":0},"end":{"line":20,"column":5}},"5":{"start":{"line":7,"column":12},"end":{"line":20,"column":2}},"6":{"start":{"line":8,"column":4},"end":{"line":19,"column":5}},"7":{"start":{"line":9,"column":8},"end":{"line":9,"column":26}},"8":{"start":{"line":10,"column":8},"end":{"line":10,"column":55}},"9":{"start":{"line":12,"column":21},"end":{"line":12,"column":45}},"10":{"start":{"line":13,"column":8},"end":{"line":16,"column":11}},"11":{"start":{"line":14,"column":12},"end":{"line":14,"column":70}},"12":{"start":{"line":15,"column":12},"end":{"line":15,"column":76}},"13":{"start":{"line":18,"column":8},"end":{"line":18,"column":56}}},"fnMap":{"0":{"name":"(anonymous_8)","decl":{"start":{"line":7,"column":1},"end":{"line":7,"column":10}},"loc":{"start":{"line":7,"column":12},"end":{"line":20,"column":2}}},"1":{"name":"(anonymous_9)","decl":{"start":{"line":7,"column":12},"end":{"line":7,"column":null}},"loc":{"start":{"line":7,"column":12},"end":{"line":20,"column":1}}},"2":{"name":"(anonymous_10)","decl":{"start":{"line":13,"column":25},"end":{"line":13,"column":28}},"loc":{"start":{"line":13,"column":30},"end":{"line":16,"column":9}}}},"branchMap":{"0":{"loc":{"start":{"line":12,"column":21},"end":{"line":12,"column":45}},"type":"cond-expr","locations":[{"start":{"line":12,"column":37},"end":{"line":12,"column":41}},{"start":{"line":12,"column":41},"end":{"line":12,"column":45}}]},"1":{"loc":{"start":{"line":12,"column":21},"end":{"line":12,"column":41}},"type":"binary-expr","locations":[{"start":{"line":12,"column":21},"end":{"line":12,"column":41}},{"start":{"line":12,"column":37},"end":{"line":12,"column":41}}]}},"s":{"0":0,"1":0,"2":0,"3":0,"4":0,"5":0,"6":0,"7":0,"8":0,"9":0,"10":0,"11":0,"12":0,"13":0},"f":{"0":0,"1":0,"2":0},"b":{"0":[0,0],"1":[0,0]}}
,"/Users/maxuser/Documents/projects/scello_be_task_manager/src/config/config.ts": {"path":"/Users/maxuser/Documents/projects/scello_be_task_manager/src/config/config.ts","statementMap":{"0":{"start":{"line":2,"column":0},"end":{"line":2,"column":28}},"1":{"start":{"line":4,"column":0},"end":{"line":4,"column":16}},"2":{"start":{"line":16,"column":24},"end":{"line":38,"column":2}},"3":{"start":{"line":40,"column":0},"end":{"line":40,"column":16}}},"fnMap":{},"branchMap":{"0":{"loc":{"start":{"line":18,"column":18},"end":{"line":18,"column":51}},"type":"cond-expr","locations":[{"start":{"line":18,"column":37},"end":{"line":18,"column":41}},{"start":{"line":18,"column":41},"end":{"line":18,"column":51}}]},"1":{"loc":{"start":{"line":18,"column":18},"end":{"line":18,"column":41}},"type":"binary-expr","locations":[{"start":{"line":18,"column":18},"end":{"line":18,"column":41}},{"start":{"line":18,"column":37},"end":{"line":18,"column":41}}]},"2":{"loc":{"start":{"line":19,"column":18},"end":{"line":19,"column":49}},"type":"cond-expr","locations":[{"start":{"line":19,"column":41},"end":{"line":19,"column":45}},{"start":{"line":19,"column":45},"end":{"line":19,"column":49}}]},"3":{"loc":{"start":{"line":19,"column":18},"end":{"line":19,"column":45}},"type":"binary-expr","locations":[{"start":{"line":19,"column":18},"end":{"line":19,"column":45}},{"start":{"line":19,"column":41},"end":{"line":19,"column":45}}]},"4":{"loc":{"start":{"line":20,"column":18},"end":{"line":20,"column":65}},"type":"cond-expr","locations":[{"start":{"line":20,"column":37},"end":{"line":20,"column":41}},{"start":{"line":20,"column":41},"end":{"line":20,"column":65}}]},"5":{"loc":{"start":{"line":20,"column":18},"end":{"line":20,"column":41}},"type":"binary-expr","locations":[{"start":{"line":20,"column":18},"end":{"line":20,"column":41}},{"start":{"line":20,"column":37},"end":{"line":20,"column":41}}]},"6":{"loc":{"start":{"line":21,"column":14},"end":{"line":21,"column":48}},"type":"cond-expr","locations":[{"start":{"line":21,"column":33},"end":{"line":21,"column":37}},{"start":{"line":21,"column":37},"end":{"line":21,"column":48}}]},"7":{"loc":{"start":{"line":21,"column":14},"end":{"line":21,"column":37}},"type":"binary-expr","locations":[{"start":{"line":21,"column":14},"end":{"line":21,"column":37}},{"start":{"line":21,"column":33},"end":{"line":21,"column":37}}]},"8":{"loc":{"start":{"line":25,"column":18},"end":{"line":25,"column":51}},"type":"cond-expr","locations":[{"start":{"line":25,"column":37},"end":{"line":25,"column":41}},{"start":{"line":25,"column":41},"end":{"line":25,"column":51}}]},"9":{"loc":{"start":{"line":25,"column":18},"end":{"line":25,"column":41}},"type":"binary-expr","locations":[{"start":{"line":25,"column":18},"end":{"line":25,"column":41}},{"start":{"line":25,"column":37},"end":{"line":25,"column":41}}]},"10":{"loc":{"start":{"line":26,"column":18},"end":{"line":26,"column":49}},"type":"cond-expr","locations":[{"start":{"line":26,"column":41},"end":{"line":26,"column":45}},{"start":{"line":26,"column":45},"end":{"line":26,"column":49}}]},"11":{"loc":{"start":{"line":26,"column":18},"end":{"line":26,"column":45}},"type":"binary-expr","locations":[{"start":{"line":26,"column":18},"end":{"line":26,"column":45}},{"start":{"line":26,"column":41},"end":{"line":26,"column":45}}]},"12":{"loc":{"start":{"line":27,"column":18},"end":{"line":27,"column":70}},"type":"cond-expr","locations":[{"start":{"line":27,"column":42},"end":{"line":27,"column":46}},{"start":{"line":27,"column":46},"end":{"line":27,"column":70}}]},"13":{"loc":{"start":{"line":27,"column":18},"end":{"line":27,"column":46}},"type":"binary-expr","locations":[{"start":{"line":27,"column":18},"end":{"line":27,"column":46}},{"start":{"line":27,"column":42},"end":{"line":27,"column":46}}]},"14":{"loc":{"start":{"line":28,"column":14},"end":{"line":28,"column":48}},"type":"cond-expr","locations":[{"start":{"line":28,"column":33},"end":{"line":28,"column":37}},{"start":{"line":28,"column":37},"end":{"line":28,"column":48}}]},"15":{"loc":{"start":{"line":28,"column":14},"end":{"line":28,"column":37}},"type":"binary-expr","locations":[{"start":{"line":28,"column":14},"end":{"line":28,"column":37}},{"start":{"line":28,"column":33},"end":{"line":28,"column":37}}]},"16":{"loc":{"start":{"line":32,"column":18},"end":{"line":32,"column":51}},"type":"cond-expr","locations":[{"start":{"line":32,"column":37},"end":{"line":32,"column":41}},{"start":{"line":32,"column":41},"end":{"line":32,"column":51}}]},"17":{"loc":{"start":{"line":32,"column":18},"end":{"line":32,"column":41}},"type":"binary-expr","locations":[{"start":{"line":32,"column":18},"end":{"line":32,"column":41}},{"start":{"line":32,"column":37},"end":{"line":32,"column":41}}]},"18":{"loc":{"start":{"line":33,"column":18},"end":{"line":33,"column":49}},"type":"cond-expr","locations":[{"start":{"line":33,"column":41},"end":{"line":33,"column":45}},{"start":{"line":33,"column":45},"end":{"line":33,"column":49}}]},"19":{"loc":{"start":{"line":33,"column":18},"end":{"line":33,"column":45}},"type":"binary-expr","locations":[{"start":{"line":33,"column":18},"end":{"line":33,"column":45}},{"start":{"line":33,"column":41},"end":{"line":33,"column":45}}]},"20":{"loc":{"start":{"line":34,"column":18},"end":{"line":34,"column":70}},"type":"cond-expr","locations":[{"start":{"line":34,"column":42},"end":{"line":34,"column":46}},{"start":{"line":34,"column":46},"end":{"line":34,"column":70}}]},"21":{"loc":{"start":{"line":34,"column":18},"end":{"line":34,"column":46}},"type":"binary-expr","locations":[{"start":{"line":34,"column":18},"end":{"line":34,"column":46}},{"start":{"line":34,"column":42},"end":{"line":34,"column":46}}]},"22":{"loc":{"start":{"line":35,"column":14},"end":{"line":35,"column":48}},"type":"cond-expr","locations":[{"start":{"line":35,"column":33},"end":{"line":35,"column":37}},{"start":{"line":35,"column":37},"end":{"line":35,"column":48}}]},"23":{"loc":{"start":{"line":35,"column":14},"end":{"line":35,"column":37}},"type":"binary-expr","locations":[{"start":{"line":35,"column":14},"end":{"line":35,"column":37}},{"start":{"line":35,"column":33},"end":{"line":35,"column":37}}]}},"s":{"0":0,"1":0,"2":0,"3":0},"f":{},"b":{"0":[0,0],"1":[0,0],"2":[0,0],"3":[0,0],"4":[0,0],"5":[0,0],"6":[0,0],"7":[0,0],"8":[0,0],"9":[0,0],"10":[0,0],"11":[0,0],"12":[0,0],"13":[0,0],"14":[0,0],"15":[0,0],"16":[0,0],"17":[0,0],"18":[0,0],"19":[0,0],"20":[0,0],"21":[0,0],"22":[0,0],"23":[0,0]}}
,"/Users/maxuser/Documents/projects/scello_be_task_manager/src/config/env.ts": {"path":"/Users/maxuser/Documents/projects/scello_be_task_manager/src/config/env.ts","statementMap":{"0":{"start":{"line":1,"column":0},"end":{"line":1,"column":28}},"1":{"start":{"line":2,"column":0},"end":{"line":2,"column":16}},"2":{"start":{"line":3,"column":0},"end":{"line":3,"column":50}}},"fnMap":{},"branchMap":{},"s":{"0":1,"1":1,"2":1},"f":{},"b":{}}
,"/Users/maxuser/Documents/projects/scello_be_task_manager/src/config/sequelize.ts": {"path":"/Users/maxuser/Documents/projects/scello_be_task_manager/src/config/sequelize.ts","statementMap":{"0":{"start":{"line":1,"column":0},"end":{"line":1,"column":38}},"1":{"start":{"line":2,"column":0},"end":{"line":2,"column":38}},"2":{"start":{"line":4,"column":0},"end":{"line":4,"column":15}},"3":{"start":{"line":6,"column":13},"end":{"line":14,"column":2}},"4":{"start":{"line":16,"column":25},"end":{"line":23,"column":null}},"5":{"start":{"line":16,"column":36},"end":{"line":23,"column":null}},"6":{"start":{"line":17,"column":4},"end":{"line":22,"column":5}},"7":{"start":{"line":18,"column":8},"end":{"line":18,"column":39}},"8":{"start":{"line":19,"column":8},"end":{"line":19,"column":55}},"9":{"start":{"line":21,"column":8},"end":{"line":21,"column":65}},"10":{"start":{"line":16,"column":13},"end":{"line":16,"column":25}}},"fnMap":{"0":{"name":"(anonymous_7)","decl":{"start":{"line":16,"column":25},"end":{"line":16,"column":34}},"loc":{"start":{"line":16,"column":36},"end":{"line":23,"column":null}}},"1":{"name":"(anonymous_8)","decl":{"start":{"line":16,"column":36},"end":{"line":16,"column":null}},"loc":{"start":{"line":16,"column":36},"end":{"line":23,"column":1}}}},"branchMap":{},"s":{"0":4,"1":4,"2":4,"3":4,"4":4,"5":0,"6":0,"7":0,"8":0,"9":0,"10":4},"f":{"0":0,"1":0},"b":{}}
,"/Users/maxuser/Documents/projects/scello_be_task_manager/src/controllers/task.controller.ts": {"path":"/Users/maxuser/Documents/projects/scello_be_task_manager/src/controllers/task.controller.ts","statementMap":{"0":{"start":{"line":2,"column":0},"end":{"line":2,"column":84}},"1":{"start":{"line":3,"column":0},"end":{"line":3,"column":null}},"2":{"start":{"line":14,"column":26},"end":{"line":38,"column":2}},"3":{"start":{"line":14,"column":79},"end":{"line":38,"column":2}},"4":{"start":{"line":15,"column":4},"end":{"line":37,"column":5}},"5":{"start":{"line":16,"column":23},"end":{"line":16,"column":59}},"6":{"start":{"line":17,"column":8},"end":{"line":20,"column":9}},"7":{"start":{"line":18,"column":12},"end":{"line":18,"column":78}},"8":{"start":{"line":19,"column":12},"end":{"line":19,"column":19}},"9":{"start":{"line":23,"column":8},"end":{"line":26,"column":9}},"10":{"start":{"line":24,"column":12},"end":{"line":24,"column":75}},"11":{"start":{"line":25,"column":12},"end":{"line":25,"column":19}},"12":{"start":{"line":28,"column":22},"end":{"line":30,"column":null}},"13":{"start":{"line":33,"column":21},"end":{"line":33,"column":50}},"14":{"start":{"line":34,"column":8},"end":{"line":34,"column":64}},"15":{"start":{"line":36,"column":8},"end":{"line":36,"column":57}},"16":{"start":{"line":14,"column":13},"end":{"line":14,"column":26}},"17":{"start":{"line":40,"column":24},"end":{"line":47,"column":2}},"18":{"start":{"line":40,"column":77},"end":{"line":47,"column":2}},"19":{"start":{"line":41,"column":4},"end":{"line":46,"column":5}},"20":{"start":{"line":42,"column":23},"end":{"line":42,"column":72}},"21":{"start":{"line":43,"column":8},"end":{"line":43,"column":70}},"22":{"start":{"line":45,"column":8},"end":{"line":45,"column":57}},"23":{"start":{"line":40,"column":13},"end":{"line":40,"column":24}},"24":{"start":{"line":49,"column":27},"end":{"line":56,"column":2}},"25":{"start":{"line":49,"column":80},"end":{"line":56,"column":2}},"26":{"start":{"line":50,"column":4},"end":{"line":55,"column":5}},"27":{"start":{"line":51,"column":21},"end":{"line":51,"column":74}},"28":{"start":{"line":52,"column":8},"end":{"line":52,"column":64}},"29":{"start":{"line":54,"column":8},"end":{"line":54,"column":57}},"30":{"start":{"line":49,"column":13},"end":{"line":49,"column":27}},"31":{"start":{"line":58,"column":26},"end":{"line":71,"column":2}},"32":{"start":{"line":58,"column":79},"end":{"line":71,"column":2}},"33":{"start":{"line":59,"column":4},"end":{"line":70,"column":5}},"34":{"start":{"line":60,"column":23},"end":{"line":60,"column":59}},"35":{"start":{"line":61,"column":8},"end":{"line":64,"column":9}},"36":{"start":{"line":62,"column":12},"end":{"line":62,"column":78}},"37":{"start":{"line":63,"column":12},"end":{"line":63,"column":19}},"38":{"start":{"line":66,"column":21},"end":{"line":66,"column":84}},"39":{"start":{"line":67,"column":8},"end":{"line":67,"column":64}},"40":{"start":{"line":69,"column":8},"end":{"line":69,"column":57}},"41":{"start":{"line":58,"column":13},"end":{"line":58,"column":26}},"42":{"start":{"line":73,"column":26},"end":{"line":84,"column":2}},"43":{"start":{"line":73,"column":79},"end":{"line":84,"column":2}},"44":{"start":{"line":74,"column":4},"end":{"line":83,"column":5}},"45":{"start":{"line":75,"column":21},"end":{"line":75,"column":71}},"46":{"start":{"line":76,"column":8},"end":{"line":79,"column":9}},"47":{"start":{"line":77,"column":12},"end":{"line":77,"column":64}},"48":{"start":{"line":78,"column":12},"end":{"line":78,"column":19}},"49":{"start":{"line":80,"column":8},"end":{"line":80,"column":71}},"50":{"start":{"line":82,"column":8},"end":{"line":82,"column":57}},"51":{"start":{"line":73,"column":13},"end":{"line":73,"column":26}},"52":{"start":{"line":86,"column":35},"end":{"line":99,"column":2}},"53":{"start":{"line":86,"column":88},"end":{"line":99,"column":2}},"54":{"start":{"line":87,"column":4},"end":{"line":98,"column":5}},"55":{"start":{"line":88,"column":39},"end":{"line":88,"column":48}},"56":{"start":{"line":89,"column":8},"end":{"line":92,"column":9}},"57":{"start":{"line":90,"column":12},"end":{"line":90,"column":84}},"58":{"start":{"line":91,"column":12},"end":{"line":91,"column":19}},"59":{"start":{"line":94,"column":23},"end":{"line":94,"column":109}},"60":{"start":{"line":95,"column":8},"end":{"line":95,"column":84}},"61":{"start":{"line":97,"column":8},"end":{"line":97,"column":57}},"62":{"start":{"line":86,"column":13},"end":{"line":86,"column":35}},"63":{"start":{"line":101,"column":39},"end":{"line":108,"column":2}},"64":{"start":{"line":101,"column":92},"end":{"line":108,"column":2}},"65":{"start":{"line":102,"column":4},"end":{"line":107,"column":5}},"66":{"start":{"line":103,"column":23},"end":{"line":103,"column":73}},"67":{"start":{"line":104,"column":8},"end":{"line":104,"column":87}},"68":{"start":{"line":106,"column":8},"end":{"line":106,"column":57}},"69":{"start":{"line":101,"column":13},"end":{"line":101,"column":39}}},"fnMap":{"0":{"name":"(anonymous_7)","decl":{"start":{"line":14,"column":26},"end":{"line":14,"column":33}},"loc":{"start":{"line":14,"column":79},"end":{"line":38,"column":2}}},"1":{"name":"(anonymous_8)","decl":{"start":{"line":14,"column":79},"end":{"line":14,"column":null}},"loc":{"start":{"line":14,"column":79},"end":{"line":38,"column":1}}},"2":{"name":"(anonymous_9)","decl":{"start":{"line":40,"column":24},"end":{"line":40,"column":31}},"loc":{"start":{"line":40,"column":77},"end":{"line":47,"column":2}}},"3":{"name":"(anonymous_10)","decl":{"start":{"line":40,"column":77},"end":{"line":40,"column":null}},"loc":{"start":{"line":40,"column":77},"end":{"line":47,"column":1}}},"4":{"name":"(anonymous_11)","decl":{"start":{"line":49,"column":27},"end":{"line":49,"column":34}},"loc":{"start":{"line":49,"column":80},"end":{"line":56,"column":2}}},"5":{"name":"(anonymous_12)","decl":{"start":{"line":49,"column":80},"end":{"line":49,"column":null}},"loc":{"start":{"line":49,"column":80},"end":{"line":56,"column":1}}},"6":{"name":"(anonymous_13)","decl":{"start":{"line":58,"column":26},"end":{"line":58,"column":33}},"loc":{"start":{"line":58,"column":79},"end":{"line":71,"column":2}}},"7":{"name":"(anonymous_14)","decl":{"start":{"line":58,"column":79},"end":{"line":58,"column":null}},"loc":{"start":{"line":58,"column":79},"end":{"line":71,"column":1}}},"8":{"name":"(anonymous_15)","decl":{"start":{"line":73,"column":26},"end":{"line":73,"column":33}},"loc":{"start":{"line":73,"column":79},"end":{"line":84,"column":2}}},"9":{"name":"(anonymous_16)","decl":{"start":{"line":73,"column":79},"end":{"line":73,"column":null}},"loc":{"start":{"line":73,"column":79},"end":{"line":84,"column":1}}},"10":{"name":"(anonymous_17)","decl":{"start":{"line":86,"column":35},"end":{"line":86,"column":42}},"loc":{"start":{"line":86,"column":88},"end":{"line":99,"column":2}}},"11":{"name":"(anonymous_18)","decl":{"start":{"line":86,"column":88},"end":{"line":86,"column":null}},"loc":{"start":{"line":86,"column":88},"end":{"line":99,"column":1}}},"12":{"name":"(anonymous_19)","decl":{"start":{"line":101,"column":39},"end":{"line":101,"column":46}},"loc":{"start":{"line":101,"column":92},"end":{"line":108,"column":2}}},"13":{"name":"(anonymous_20)","decl":{"start":{"line":101,"column":92},"end":{"line":101,"column":null}},"loc":{"start":{"line":101,"column":92},"end":{"line":108,"column":1}}}},"branchMap":{"0":{"loc":{"start":{"line":17,"column":8},"end":{"line":20,"column":9}},"type":"if","locations":[{"start":{"line":17,"column":8},"end":{"line":20,"column":9}}]},"1":{"loc":{"start":{"line":23,"column":8},"end":{"line":26,"column":9}},"type":"if","locations":[{"start":{"line":23,"column":8},"end":{"line":26,"column":9}}]},"2":{"loc":{"start":{"line":23,"column":13},"end":{"line":23,"column":29}},"type":"cond-expr","locations":[{"start":{"line":23,"column":21},"end":{"line":23,"column":23}},{"start":{"line":23,"column":21},"end":{"line":23,"column":29}}]},"3":{"loc":{"start":{"line":23,"column":13},"end":{"line":23,"column":23}},"type":"binary-expr","locations":[{"start":{"line":23,"column":13},"end":{"line":23,"column":23}},{"start":{"line":23,"column":21},"end":{"line":23,"column":23}}]},"4":{"loc":{"start":{"line":42,"column":43},"end":{"line":42,"column":60}},"type":"cond-expr","locations":[{"start":{"line":42,"column":51},"end":{"line":42,"column":53}},{"start":{"line":42,"column":51},"end":{"line":42,"column":60}}]},"5":{"loc":{"start":{"line":42,"column":43},"end":{"line":42,"column":53}},"type":"binary-expr","locations":[{"start":{"line":42,"column":43},"end":{"line":42,"column":53}},{"start":{"line":42,"column":51},"end":{"line":42,"column":53}}]},"6":{"loc":{"start":{"line":51,"column":56},"end":{"line":51,"column":73}},"type":"cond-expr","locations":[{"start":{"line":51,"column":64},"end":{"line":51,"column":66}},{"start":{"line":51,"column":64},"end":{"line":51,"column":73}}]},"7":{"loc":{"start":{"line":51,"column":56},"end":{"line":51,"column":66}},"type":"binary-expr","locations":[{"start":{"line":51,"column":56},"end":{"line":51,"column":66}},{"start":{"line":51,"column":64},"end":{"line":51,"column":66}}]},"8":{"loc":{"start":{"line":61,"column":8},"end":{"line":64,"column":9}},"type":"if","locations":[{"start":{"line":61,"column":8},"end":{"line":64,"column":9}}]},"9":{"loc":{"start":{"line":66,"column":66},"end":{"line":66,"column":83}},"type":"cond-expr","locations":[{"start":{"line":66,"column":74},"end":{"line":66,"column":76}},{"start":{"line":66,"column":74},"end":{"line":66,"column":83}}]},"10":{"loc":{"start":{"line":66,"column":66},"end":{"line":66,"column":76}},"type":"binary-expr","locations":[{"start":{"line":66,"column":66},"end":{"line":66,"column":76}},{"start":{"line":66,"column":74},"end":{"line":66,"column":76}}]},"11":{"loc":{"start":{"line":75,"column":53},"end":{"line":75,"column":70}},"type":"cond-expr","locations":[{"start":{"line":75,"column":61},"end":{"line":75,"column":63}},{"start":{"line":75,"column":61},"end":{"line":75,"column":70}}]},"12":{"loc":{"start":{"line":75,"column":53},"end":{"line":75,"column":63}},"type":"binary-expr","locations":[{"start":{"line":75,"column":53},"end":{"line":75,"column":63}},{"start":{"line":75,"column":61},"end":{"line":75,"column":63}}]},"13":{"loc":{"start":{"line":76,"column":8},"end":{"line":79,"column":9}},"type":"if","locations":[{"start":{"line":76,"column":8},"end":{"line":79,"column":9}}]},"14":{"loc":{"start":{"line":89,"column":8},"end":{"line":92,"column":9}},"type":"if","locations":[{"start":{"line":89,"column":8},"end":{"line":92,"column":9}}]},"15":{"loc":{"start":{"line":89,"column":12},"end":{"line":89,"column":34}},"type":"binary-expr","locations":[{"start":{"line":89,"column":12},"end":{"line":89,"column":22}},{"start":{"line":89,"column":26},"end":{"line":89,"column":34}}]},"16":{"loc":{"start":{"line":94,"column":51},"end":{"line":94,"column":68}},"type":"cond-expr","locations":[{"start":{"line":94,"column":59},"end":{"line":94,"column":61}},{"start":{"line":94,"column":59},"end":{"line":94,"column":68}}]},"17":{"loc":{"start":{"line":94,"column":51},"end":{"line":94,"column":61}},"type":"binary-expr","locations":[{"start":{"line":94,"column":51},"end":{"line":94,"column":61}},{"start":{"line":94,"column":59},"end":{"line":94,"column":61}}]},"18":{"loc":{"start":{"line":103,"column":55},"end":{"line":103,"column":72}},"type":"cond-expr","locations":[{"start":{"line":103,"column":63},"end":{"line":103,"column":65}},{"start":{"line":103,"column":63},"end":{"line":103,"column":72}}]},"19":{"loc":{"start":{"line":103,"column":55},"end":{"line":103,"column":65}},"type":"binary-expr","locations":[{"start":{"line":103,"column":55},"end":{"line":103,"column":65}},{"start":{"line":103,"column":63},"end":{"line":103,"column":65}}]}},"s":{"0":1,"1":1,"2":1,"3":4,"4":4,"5":4,"6":4,"7":4,"8":4,"9":0,"10":0,"11":0,"12":0,"13":0,"14":0,"15":0,"16":1,"17":1,"18":1,"19":1,"20":1,"21":1,"22":0,"23":1,"24":1,"25":1,"26":1,"27":1,"28":1,"29":0,"30":1,"31":1,"32":1,"33":1,"34":1,"35":1,"36":0,"37":0,"38":1,"39":1,"40":0,"41":1,"42":1,"43":1,"44":1,"45":1,"46":1,"47":0,"48":0,"49":1,"50":0,"51":1,"52":1,"53":1,"54":1,"55":1,"56":1,"57":0,"58":0,"59":1,"60":1,"61":0,"62":1,"63":1,"64":1,"65":1,"66":1,"67":1,"68":0,"69":1},"f":{"0":4,"1":4,"2":1,"3":1,"4":1,"5":1,"6":1,"7":1,"8":1,"9":1,"10":1,"11":1,"12":1,"13":1},"b":{"0":[4],"1":[0],"2":[0,0],"3":[0,0],"4":[0,1],"5":[1,1],"6":[0,1],"7":[1,1],"8":[0],"9":[0,1],"10":[1,1],"11":[0,1],"12":[1,1],"13":[0],"14":[0],"15":[1,1],"16":[0,1],"17":[1,1],"18":[0,1],"19":[1,1]}}
,"/Users/maxuser/Documents/projects/scello_be_task_manager/src/controllers/user.controller.ts": {"path":"/Users/maxuser/Documents/projects/scello_be_task_manager/src/controllers/user.controller.ts","statementMap":{"0":{"start":{"line":2,"column":0},"end":{"line":2,"column":null}},"1":{"start":{"line":10,"column":0},"end":{"line":10,"column":95}},"2":{"start":{"line":12,"column":26},"end":{"line":25,"column":2}},"3":{"start":{"line":12,"column":79},"end":{"line":25,"column":2}},"4":{"start":{"line":13,"column":4},"end":{"line":24,"column":5}},"5":{"start":{"line":14,"column":23},"end":{"line":14,"column":57}},"6":{"start":{"line":15,"column":8},"end":{"line":18,"column":9}},"7":{"start":{"line":16,"column":12},"end":{"line":16,"column":78}},"8":{"start":{"line":17,"column":12},"end":{"line":17,"column":19}},"9":{"start":{"line":20,"column":21},"end":{"line":20,"column":53}},"10":{"start":{"line":21,"column":8},"end":{"line":21,"column":64}},"11":{"start":{"line":23,"column":8},"end":{"line":23,"column":57}},"12":{"start":{"line":12,"column":13},"end":{"line":12,"column":26}},"13":{"start":{"line":27,"column":25},"end":{"line":55,"column":2}},"14":{"start":{"line":27,"column":78},"end":{"line":55,"column":2}},"15":{"start":{"line":28,"column":4},"end":{"line":54,"column":5}},"16":{"start":{"line":29,"column":30},"end":{"line":29,"column":61}},"17":{"start":{"line":30,"column":8},"end":{"line":33,"column":9}},"18":{"start":{"line":31,"column":12},"end":{"line":31,"column":85}},"19":{"start":{"line":32,"column":12},"end":{"line":32,"column":19}},"20":{"start":{"line":35,"column":36},"end":{"line":35,"column":54}},"21":{"start":{"line":37,"column":32},"end":{"line":37,"column":75}},"22":{"start":{"line":39,"column":8},"end":{"line":45,"column":11}},"23":{"start":{"line":47,"column":8},"end":{"line":53,"column":9}},"24":{"start":{"line":48,"column":12},"end":{"line":48,"column":61}},"25":{"start":{"line":49,"column":15},"end":{"line":53,"column":9}},"26":{"start":{"line":50,"column":12},"end":{"line":50,"column":61}},"27":{"start":{"line":52,"column":12},"end":{"line":52,"column":61}},"28":{"start":{"line":27,"column":13},"end":{"line":27,"column":25}},"29":{"start":{"line":57,"column":24},"end":{"line":69,"column":2}},"30":{"start":{"line":57,"column":77},"end":{"line":69,"column":2}},"31":{"start":{"line":58,"column":4},"end":{"line":68,"column":5}},"32":{"start":{"line":59,"column":23},"end":{"line":59,"column":50}},"33":{"start":{"line":60,"column":8},"end":{"line":65,"column":11}},"34":{"start":{"line":67,"column":8},"end":{"line":67,"column":57}},"35":{"start":{"line":57,"column":13},"end":{"line":57,"column":24}},"36":{"start":{"line":71,"column":27},"end":{"line":82,"column":2}},"37":{"start":{"line":71,"column":80},"end":{"line":82,"column":2}},"38":{"start":{"line":72,"column":4},"end":{"line":81,"column":5}},"39":{"start":{"line":73,"column":23},"end":{"line":73,"column":33}},"40":{"start":{"line":74,"column":21},"end":{"line":74,"column":44}},"41":{"start":{"line":75,"column":8},"end":{"line":78,"column":11}},"42":{"start":{"line":80,"column":8},"end":{"line":80,"column":57}},"43":{"start":{"line":71,"column":13},"end":{"line":71,"column":27}},"44":{"start":{"line":84,"column":26},"end":{"line":101,"column":2}},"45":{"start":{"line":84,"column":79},"end":{"line":101,"column":2}},"46":{"start":{"line":85,"column":4},"end":{"line":100,"column":5}},"47":{"start":{"line":86,"column":23},"end":{"line":86,"column":33}},"48":{"start":{"line":87,"column":23},"end":{"line":87,"column":59}},"49":{"start":{"line":88,"column":8},"end":{"line":91,"column":9}},"50":{"start":{"line":89,"column":12},"end":{"line":89,"column":78}},"51":{"start":{"line":90,"column":12},"end":{"line":90,"column":19}},"52":{"start":{"line":93,"column":24},"end":{"line":93,"column":57}},"53":{"start":{"line":94,"column":8},"end":{"line":97,"column":11}},"54":{"start":{"line":99,"column":8},"end":{"line":99,"column":57}},"55":{"start":{"line":84,"column":13},"end":{"line":84,"column":26}},"56":{"start":{"line":103,"column":26},"end":{"line":113,"column":2}},"57":{"start":{"line":103,"column":79},"end":{"line":113,"column":2}},"58":{"start":{"line":104,"column":4},"end":{"line":112,"column":5}},"59":{"start":{"line":105,"column":23},"end":{"line":105,"column":33}},"60":{"start":{"line":106,"column":8},"end":{"line":106,"column":29}},"61":{"start":{"line":107,"column":8},"end":{"line":109,"column":11}},"62":{"start":{"line":111,"column":8},"end":{"line":111,"column":57}},"63":{"start":{"line":103,"column":13},"end":{"line":103,"column":26}}},"fnMap":{"0":{"name":"(anonymous_7)","decl":{"start":{"line":12,"column":26},"end":{"line":12,"column":33}},"loc":{"start":{"line":12,"column":79},"end":{"line":25,"column":2}}},"1":{"name":"(anonymous_8)","decl":{"start":{"line":12,"column":79},"end":{"line":12,"column":null}},"loc":{"start":{"line":12,"column":79},"end":{"line":25,"column":1}}},"2":{"name":"(anonymous_9)","decl":{"start":{"line":27,"column":25},"end":{"line":27,"column":32}},"loc":{"start":{"line":27,"column":78},"end":{"line":55,"column":2}}},"3":{"name":"(anonymous_10)","decl":{"start":{"line":27,"column":78},"end":{"line":27,"column":null}},"loc":{"start":{"line":27,"column":78},"end":{"line":55,"column":1}}},"4":{"name":"(anonymous_11)","decl":{"start":{"line":57,"column":24},"end":{"line":57,"column":31}},"loc":{"start":{"line":57,"column":77},"end":{"line":69,"column":2}}},"5":{"name":"(anonymous_12)","decl":{"start":{"line":57,"column":77},"end":{"line":57,"column":null}},"loc":{"start":{"line":57,"column":77},"end":{"line":69,"column":1}}},"6":{"name":"(anonymous_13)","decl":{"start":{"line":71,"column":27},"end":{"line":71,"column":34}},"loc":{"start":{"line":71,"column":80},"end":{"line":82,"column":2}}},"7":{"name":"(anonymous_14)","decl":{"start":{"line":71,"column":80},"end":{"line":71,"column":null}},"loc":{"start":{"line":71,"column":80},"end":{"line":82,"column":1}}},"8":{"name":"(anonymous_15)","decl":{"start":{"line":84,"column":26},"end":{"line":84,"column":33}},"loc":{"start":{"line":84,"column":79},"end":{"line":101,"column":2}}},"9":{"name":"(anonymous_16)","decl":{"start":{"line":84,"column":79},"end":{"line":84,"column":null}},"loc":{"start":{"line":84,"column":79},"end":{"line":101,"column":1}}},"10":{"name":"(anonymous_17)","decl":{"start":{"line":103,"column":26},"end":{"line":103,"column":33}},"loc":{"start":{"line":103,"column":79},"end":{"line":113,"column":2}}},"11":{"name":"(anonymous_18)","decl":{"start":{"line":103,"column":79},"end":{"line":103,"column":null}},"loc":{"start":{"line":103,"column":79},"end":{"line":113,"column":1}}}},"branchMap":{"0":{"loc":{"start":{"line":15,"column":8},"end":{"line":18,"column":9}},"type":"if","locations":[{"start":{"line":15,"column":8},"end":{"line":18,"column":9}}]},"1":{"loc":{"start":{"line":30,"column":8},"end":{"line":33,"column":9}},"type":"if","locations":[{"start":{"line":30,"column":8},"end":{"line":33,"column":9}}]},"2":{"loc":{"start":{"line":47,"column":8},"end":{"line":53,"column":9}},"type":"if","locations":[{"start":{"line":47,"column":8},"end":{"line":53,"column":9}},{"start":{"line":49,"column":15},"end":{"line":53,"column":9}}]},"3":{"loc":{"start":{"line":49,"column":15},"end":{"line":53,"column":9}},"type":"if","locations":[{"start":{"line":49,"column":15},"end":{"line":53,"column":9}},{"start":{"line":51,"column":15},"end":{"line":53,"column":9}}]},"4":{"loc":{"start":{"line":88,"column":8},"end":{"line":91,"column":9}},"type":"if","locations":[{"start":{"line":88,"column":8},"end":{"line":91,"column":9}}]}},"s":{"0":1,"1":1,"2":1,"3":2,"4":2,"5":2,"6":2,"7":1,"8":1,"9":1,"10":1,"11":0,"12":1,"13":1,"14":0,"15":0,"16":0,"17":0,"18":0,"19":0,"20":0,"21":0,"22":0,"23":0,"24":0,"25":0,"26":0,"27":0,"28":1,"29":1,"30":0,"31":0,"32":0,"33":0,"34":0,"35":1,"36":1,"37":0,"38":0,"39":0,"40":0,"41":0,"42":0,"43":1,"44":1,"45":0,"46":0,"47":0,"48":0,"49":0,"50":0,"51":0,"52":0,"53":0,"54":0,"55":1,"56":1,"57":0,"58":0,"59":0,"60":0,"61":0,"62":0,"63":1},"f":{"0":2,"1":2,"2":0,"3":0,"4":0,"5":0,"6":0,"7":0,"8":0,"9":0,"10":0,"11":0},"b":{"0":[1],"1":[0],"2":[0,0],"3":[0,0],"4":[0]}}
,"/Users/maxuser/Documents/projects/scello_be_task_manager/src/docs/swagger.ts": {"path":"/Users/maxuser/Documents/projects/scello_be_task_manager/src/docs/swagger.ts","statementMap":{"0":{"start":{"line":1,"column":0},"end":{"line":1,"column":24}},"1":{"start":{"line":2,"column":0},"end":{"line":2,"column":41}},"2":{"start":{"line":4,"column":26},"end":{"line":742,"column":null}},"3":{"start":{"line":744,"column":16},"end":{"line":747,"column":2}},"4":{"start":{"line":749,"column":20},"end":{"line":749,"column":41}},"5":{"start":{"line":750,"column":0},"end":{"line":750,"column":27}}},"fnMap":{},"branchMap":{},"s":{"0":0,"1":0,"2":0,"3":0,"4":0,"5":0},"f":{},"b":{}}
,"/Users/maxuser/Documents/projects/scello_be_task_manager/src/interfaces/pagination.interface.ts": {"path":"/Users/maxuser/Documents/projects/scello_be_task_manager/src/interfaces/pagination.interface.ts","statementMap":{"0":{"start":{"line":24,"column":0},"end":{"line":24,"column":16}},"1":{"start":{"line":36,"column":0},"end":{"line":36,"column":16}},"2":{"start":{"line":57,"column":0},"end":{"line":57,"column":16}},"3":{"start":{"line":73,"column":0},"end":{"line":73,"column":16}},"4":{"start":{"line":25,"column":21},"end":{"line":25,"column":51}},"5":{"start":{"line":26,"column":22},"end":{"line":26,"column":54}},"6":{"start":{"line":27,"column":19},"end":{"line":27,"column":45}},"7":{"start":{"line":29,"column":4},"end":{"line":33,"column":6}},"8":{"start":{"line":42,"column":23},"end":{"line":42,"column":52}},"9":{"start":{"line":44,"column":4},"end":{"line":54,"column":6}},"10":{"start":{"line":62,"column":43},"end":{"line":62,"column":60}},"11":{"start":{"line":63,"column":25},"end":{"line":63,"column":37}},"12":{"start":{"line":65,"column":17},"end":{"line":65,"column":80}},"13":{"start":{"line":67,"column":4},"end":{"line":70,"column":6}},"14":{"start":{"line":78,"column":30},"end":{"line":78,"column":61}},"15":{"start":{"line":79,"column":4},"end":{"line":79,"column":71}}},"fnMap":{"0":{"name":"getPagination","decl":{"start":{"line":24,"column":16},"end":{"line":24,"column":29}},"loc":{"start":{"line":24,"column":72},"end":{"line":34,"column":1}}},"1":{"name":"getPaginationMeta","decl":{"start":{"line":36,"column":16},"end":{"line":36,"column":33}},"loc":{"start":{"line":40,"column":24},"end":{"line":55,"column":1}}},"2":{"name":"getPaginationResponse","decl":{"start":{"line":57,"column":16},"end":{"line":57,"column":37}},"loc":{"start":{"line":60,"column":40},"end":{"line":71,"column":1}}},"3":{"name":"getPaginatedResponse","decl":{"start":{"line":73,"column":16},"end":{"line":73,"column":36}},"loc":{"start":{"line":76,"column":38},"end":{"line":80,"column":1}}}},"branchMap":{"0":{"loc":{"start":{"line":24,"column":32},"end":{"line":24,"column":40}},"type":"default-arg","locations":[{"start":{"line":24,"column":39},"end":{"line":24,"column":40}}]},"1":{"loc":{"start":{"line":24,"column":42},"end":{"line":24,"column":52}},"type":"default-arg","locations":[{"start":{"line":24,"column":50},"end":{"line":24,"column":52}}]},"2":{"loc":{"start":{"line":25,"column":33},"end":{"line":25,"column":50}},"type":"binary-expr","locations":[{"start":{"line":25,"column":33},"end":{"line":25,"column":45}},{"start":{"line":25,"column":49},"end":{"line":25,"column":50}}]},"3":{"loc":{"start":{"line":26,"column":34},"end":{"line":26,"column":53}},"type":"binary-expr","locations":[{"start":{"line":26,"column":34},"end":{"line":26,"column":47}},{"start":{"line":26,"column":51},"end":{"line":26,"column":53}}]},"4":{"loc":{"start":{"line":52,"column":18},"end":{"line":52,"column":67}},"type":"cond-expr","locations":[{"start":{"line":52,"column":45},"end":{"line":52,"column":60}},{"start":{"line":52,"column":63},"end":{"line":52,"column":67}}]},"5":{"loc":{"start":{"line":53,"column":18},"end":{"line":53,"column":58}},"type":"cond-expr","locations":[{"start":{"line":53,"column":36},"end":{"line":53,"column":51}},{"start":{"line":53,"column":54},"end":{"line":53,"column":58}}]}},"s":{"0":2,"1":2,"2":2,"3":2,"4":0,"5":0,"6":0,"7":0,"8":0,"9":0,"10":0,"11":0,"12":0,"13":0,"14":0,"15":0},"f":{"0":0,"1":0,"2":0,"3":0},"b":{"0":[0],"1":[0],"2":[0,0],"3":[0,0],"4":[0,0],"5":[0,0]}}
,"/Users/maxuser/Documents/projects/scello_be_task_manager/src/interfaces/task.interface.ts": {"path":"/Users/maxuser/Documents/projects/scello_be_task_manager/src/interfaces/task.interface.ts","statementMap":{"0":{"start":{"line":1,"column":0},"end":{"line":1,"column":null}},"1":{"start":{"line":2,"column":4},"end":{"line":2,"column":null}},"2":{"start":{"line":3,"column":4},"end":{"line":3,"column":null}},"3":{"start":{"line":4,"column":4},"end":{"line":4,"column":null}}},"fnMap":{"0":{"name":"(anonymous_0)","decl":{"start":{"line":1,"column":0},"end":{"line":1,"column":12}},"loc":{"start":{"line":1,"column":22},"end":{"line":5,"column":1}}}},"branchMap":{"0":{"loc":{"start":{"line":1,"column":12},"end":{"line":1,"column":null}},"type":"binary-expr","locations":[{"start":{"line":1,"column":12},"end":{"line":1,"column":22}},{"start":{"line":1,"column":22},"end":{"line":1,"column":null}}]}},"s":{"0":0,"1":0,"2":0,"3":0},"f":{"0":0},"b":{"0":[0,0]}}
,"/Users/maxuser/Documents/projects/scello_be_task_manager/src/interfaces/user.interface.ts": {"path":"/Users/maxuser/Documents/projects/scello_be_task_manager/src/interfaces/user.interface.ts","statementMap":{"0":{"start":{"line":1,"column":0},"end":{"line":1,"column":null}},"1":{"start":{"line":2,"column":4},"end":{"line":2,"column":null}},"2":{"start":{"line":3,"column":4},"end":{"line":3,"column":null}}},"fnMap":{"0":{"name":"(anonymous_0)","decl":{"start":{"line":1,"column":0},"end":{"line":1,"column":12}},"loc":{"start":{"line":1,"column":20},"end":{"line":4,"column":1}}}},"branchMap":{"0":{"loc":{"start":{"line":1,"column":12},"end":{"line":1,"column":null}},"type":"binary-expr","locations":[{"start":{"line":1,"column":12},"end":{"line":1,"column":20}},{"start":{"line":1,"column":20},"end":{"line":1,"column":null}}]}},"s":{"0":0,"1":0,"2":0},"f":{"0":0},"b":{"0":[0,0]}}
,"/Users/maxuser/Documents/projects/scello_be_task_manager/src/middlewares/auth.middleware.ts": {"path":"/Users/maxuser/Documents/projects/scello_be_task_manager/src/middlewares/auth.middleware.ts","statementMap":{"0":{"start":{"line":2,"column":0},"end":{"line":2,"column":43}},"1":{"start":{"line":13,"column":28},"end":{"line":31,"column":2}},"2":{"start":{"line":13,"column":86},"end":{"line":31,"column":2}},"3":{"start":{"line":14,"column":4},"end":{"line":30,"column":5}},"4":{"start":{"line":15,"column":27},"end":{"line":15,"column":52}},"5":{"start":{"line":17,"column":8},"end":{"line":20,"column":9}},"6":{"start":{"line":18,"column":12},"end":{"line":18,"column":62}},"7":{"start":{"line":19,"column":12},"end":{"line":19,"column":19}},"8":{"start":{"line":22,"column":22},"end":{"line":22,"column":46}},"9":{"start":{"line":24,"column":24},"end":{"line":24,"column":57}},"10":{"start":{"line":25,"column":8},"end":{"line":25,"column":27}},"11":{"start":{"line":27,"column":8},"end":{"line":27,"column":15}},"12":{"start":{"line":29,"column":8},"end":{"line":29,"column":59}},"13":{"start":{"line":13,"column":13},"end":{"line":13,"column":28}},"14":{"start":{"line":33,"column":25},"end":{"line":47,"column":1}},"15":{"start":{"line":34,"column":4},"end":{"line":46,"column":6}},"16":{"start":{"line":35,"column":8},"end":{"line":37,"column":9}},"17":{"start":{"line":36,"column":12},"end":{"line":36,"column":66}},"18":{"start":{"line":39,"column":25},"end":{"line":39,"column":38}},"19":{"start":{"line":41,"column":8},"end":{"line":43,"column":9}},"20":{"start":{"line":42,"column":12},"end":{"line":42,"column":66}},"21":{"start":{"line":45,"column":8},"end":{"line":45,"column":15}},"22":{"start":{"line":33,"column":13},"end":{"line":33,"column":25}}},"fnMap":{"0":{"name":"(anonymous_7)","decl":{"start":{"line":13,"column":28},"end":{"line":13,"column":35}},"loc":{"start":{"line":13,"column":86},"end":{"line":31,"column":2}}},"1":{"name":"(anonymous_8)","decl":{"start":{"line":13,"column":86},"end":{"line":13,"column":null}},"loc":{"start":{"line":13,"column":86},"end":{"line":31,"column":1}}},"2":{"name":"(anonymous_9)","decl":{"start":{"line":33,"column":25},"end":{"line":33,"column":26}},"loc":{"start":{"line":33,"column":45},"end":{"line":47,"column":1}}},"3":{"name":"(anonymous_10)","decl":{"start":{"line":34,"column":11},"end":{"line":34,"column":12}},"loc":{"start":{"line":34,"column":63},"end":{"line":46,"column":5}}}},"branchMap":{"0":{"loc":{"start":{"line":17,"column":8},"end":{"line":20,"column":9}},"type":"if","locations":[{"start":{"line":17,"column":8},"end":{"line":20,"column":9}}]},"1":{"loc":{"start":{"line":17,"column":12},"end":{"line":17,"column":60}},"type":"binary-expr","locations":[{"start":{"line":17,"column":12},"end":{"line":17,"column":23}},{"start":{"line":17,"column":27},"end":{"line":17,"column":60}}]},"2":{"loc":{"start":{"line":35,"column":8},"end":{"line":37,"column":9}},"type":"if","locations":[{"start":{"line":35,"column":8},"end":{"line":37,"column":9}}]},"3":{"loc":{"start":{"line":41,"column":8},"end":{"line":43,"column":9}},"type":"if","locations":[{"start":{"line":41,"column":8},"end":{"line":43,"column":9}}]}},"s":{"0":0,"1":0,"2":0,"3":0,"4":0,"5":0,"6":0,"7":0,"8":0,"9":0,"10":0,"11":0,"12":0,"13":0,"14":0,"15":0,"16":0,"17":0,"18":0,"19":0,"20":0,"21":0,"22":0},"f":{"0":0,"1":0,"2":0,"3":0},"b":{"0":[0],"1":[0,0],"2":[0],"3":[0]}}
,"/Users/maxuser/Documents/projects/scello_be_task_manager/src/middlewares/errorhandler.middleware.ts": {"path":"/Users/maxuser/Documents/projects/scello_be_task_manager/src/middlewares/errorhandler.middleware.ts","statementMap":{"0":{"start":{"line":2,"column":0},"end":{"line":2,"column":43}},"1":{"start":{"line":5,"column":28},"end":{"line":15,"column":1}},"2":{"start":{"line":6,"column":4},"end":{"line":6,"column":33}},"3":{"start":{"line":8,"column":4},"end":{"line":10,"column":5}},"4":{"start":{"line":9,"column":8},"end":{"line":9,"column":25}},"5":{"start":{"line":12,"column":4},"end":{"line":14,"column":7}},"6":{"start":{"line":5,"column":13},"end":{"line":5,"column":28}},"7":{"start":{"line":17,"column":13},"end":{"line":24,"column":3}},"8":{"start":{"line":21,"column":8},"end":{"line":23,"column":39}}},"fnMap":{"0":{"name":"(anonymous_1)","decl":{"start":{"line":5,"column":28},"end":{"line":5,"column":29}},"loc":{"start":{"line":5,"column":90},"end":{"line":15,"column":1}}},"1":{"name":"(anonymous_2)","decl":{"start":{"line":20,"column":10},"end":{"line":20,"column":11}},"loc":{"start":{"line":21,"column":8},"end":{"line":23,"column":39}}}},"branchMap":{"0":{"loc":{"start":{"line":8,"column":4},"end":{"line":10,"column":5}},"type":"if","locations":[{"start":{"line":8,"column":4},"end":{"line":10,"column":5}}]},"1":{"loc":{"start":{"line":12,"column":15},"end":{"line":12,"column":32}},"type":"binary-expr","locations":[{"start":{"line":12,"column":15},"end":{"line":12,"column":25}},{"start":{"line":12,"column":29},"end":{"line":12,"column":32}}]},"2":{"loc":{"start":{"line":13,"column":17},"end":{"line":13,"column":54}},"type":"binary-expr","locations":[{"start":{"line":13,"column":17},"end":{"line":13,"column":28}},{"start":{"line":13,"column":32},"end":{"line":13,"column":54}}]},"3":{"loc":{"start":{"line":21,"column":8},"end":{"line":23,"column":39}},"type":"binary-expr","locations":[{"start":{"line":21,"column":8},"end":{"line":21,"column":30}},{"start":{"line":22,"column":8},"end":{"line":22,"column":31}},{"start":{"line":23,"column":8},"end":{"line":23,"column":39}}]}},"s":{"0":0,"1":0,"2":0,"3":0,"4":0,"5":0,"6":0,"7":0,"8":0},"f":{"0":0,"1":0},"b":{"0":[0],"1":[0,0],"2":[0,0],"3":[0,0,0]}}
,"/Users/maxuser/Documents/projects/scello_be_task_manager/src/migrations/20250523200942-create-user.ts": {"path":"/Users/maxuser/Documents/projects/scello_be_task_manager/src/migrations/20250523200942-create-user.ts","statementMap":{"0":{"start":{"line":1,"column":0},"end":{"line":1,"column":54}},"1":{"start":{"line":3,"column":0},"end":{"line":44,"column":2}},"2":{"start":{"line":5,"column":4},"end":{"line":38,"column":7}},"3":{"start":{"line":42,"column":4},"end":{"line":42,"column":44}}},"fnMap":{"0":{"name":"(anonymous_7)","decl":{"start":{"line":4,"column":8},"end":{"line":4,"column":10}},"loc":{"start":{"line":4,"column":70},"end":{"line":39,"column":null}}},"1":{"name":"(anonymous_9)","decl":{"start":{"line":41,"column":8},"end":{"line":41,"column":12}},"loc":{"start":{"line":41,"column":72},"end":{"line":43,"column":null}}}},"branchMap":{},"s":{"0":0,"1":0,"2":0,"3":0},"f":{"0":0,"1":0},"b":{}}
,"/Users/maxuser/Documents/projects/scello_be_task_manager/src/migrations/20250523201145-create-task.ts": {"path":"/Users/maxuser/Documents/projects/scello_be_task_manager/src/migrations/20250523201145-create-task.ts","statementMap":{"0":{"start":{"line":3,"column":0},"end":{"line":49,"column":2}},"1":{"start":{"line":5,"column":4},"end":{"line":43,"column":7}},"2":{"start":{"line":47,"column":4},"end":{"line":47,"column":44}}},"fnMap":{"0":{"name":"(anonymous_7)","decl":{"start":{"line":4,"column":8},"end":{"line":4,"column":10}},"loc":{"start":{"line":4,"column":70},"end":{"line":44,"column":null}}},"1":{"name":"(anonymous_9)","decl":{"start":{"line":46,"column":8},"end":{"line":46,"column":12}},"loc":{"start":{"line":46,"column":72},"end":{"line":48,"column":null}}}},"branchMap":{},"s":{"0":0,"1":0,"2":0},"f":{"0":0,"1":0},"b":{}}
,"/Users/maxuser/Documents/projects/scello_be_task_manager/src/migrations/20250523215312-add-time-tracking-to-tasks.ts": {"path":"/Users/maxuser/Documents/projects/scello_be_task_manager/src/migrations/20250523215312-add-time-tracking-to-tasks.ts","statementMap":{"0":{"start":{"line":3,"column":0},"end":{"line":26,"column":2}},"1":{"start":{"line":5,"column":4},"end":{"line":8,"column":7}},"2":{"start":{"line":10,"column":4},"end":{"line":13,"column":7}},"3":{"start":{"line":15,"column":4},"end":{"line":18,"column":7}},"4":{"start":{"line":22,"column":4},"end":{"line":22,"column":60}},"5":{"start":{"line":23,"column":4},"end":{"line":23,"column":58}},"6":{"start":{"line":24,"column":4},"end":{"line":24,"column":66}}},"fnMap":{"0":{"name":"(anonymous_7)","decl":{"start":{"line":4,"column":8},"end":{"line":4,"column":10}},"loc":{"start":{"line":4,"column":70},"end":{"line":19,"column":null}}},"1":{"name":"(anonymous_9)","decl":{"start":{"line":21,"column":8},"end":{"line":21,"column":12}},"loc":{"start":{"line":21,"column":72},"end":{"line":25,"column":null}}}},"branchMap":{},"s":{"0":0,"1":0,"2":0,"3":0,"4":0,"5":0,"6":0},"f":{"0":0,"1":0},"b":{}}
,"/Users/maxuser/Documents/projects/scello_be_task_manager/src/models/task.ts": {"path":"/Users/maxuser/Documents/projects/scello_be_task_manager/src/models/task.ts","statementMap":{"0":{"start":{"line":1,"column":0},"end":{"line":1,"column":null}},"1":{"start":{"line":8,"column":0},"end":{"line":8,"column":48}},"2":{"start":{"line":9,"column":0},"end":{"line":9,"column":26}},"3":{"start":{"line":11,"column":0},"end":{"line":11,"column":null}},"4":{"start":{"line":12,"column":2},"end":{"line":12,"column":null}},"5":{"start":{"line":13,"column":2},"end":{"line":13,"column":null}},"6":{"start":{"line":14,"column":2},"end":{"line":14,"column":null}},"7":{"start":{"line":46,"column":0},"end":{"line":90,"column":2}},"8":{"start":{"line":93,"column":0},"end":{"line":93,"column":47}},"9":{"start":{"line":94,"column":0},"end":{"line":94,"column":45}},"10":{"start":{"line":96,"column":0},"end":{"line":96,"column":20}}},"fnMap":{"0":{"name":"(anonymous_1)","decl":{"start":{"line":11,"column":0},"end":{"line":11,"column":12}},"loc":{"start":{"line":11,"column":22},"end":{"line":15,"column":1}}}},"branchMap":{"0":{"loc":{"start":{"line":11,"column":12},"end":{"line":11,"column":null}},"type":"binary-expr","locations":[{"start":{"line":11,"column":12},"end":{"line":11,"column":22}},{"start":{"line":11,"column":22},"end":{"line":11,"column":null}}]}},"s":{"0":2,"1":2,"2":2,"3":2,"4":2,"5":2,"6":2,"7":2,"8":2,"9":2,"10":2},"f":{"0":2},"b":{"0":[2,2]}}
,"/Users/maxuser/Documents/projects/scello_be_task_manager/src/models/user.ts": {"path":"/Users/maxuser/Documents/projects/scello_be_task_manager/src/models/user.ts","statementMap":{"0":{"start":{"line":1,"column":0},"end":{"line":1,"column":null}},"1":{"start":{"line":7,"column":0},"end":{"line":7,"column":48}},"2":{"start":{"line":9,"column":0},"end":{"line":9,"column":null}},"3":{"start":{"line":10,"column":2},"end":{"line":10,"column":null}},"4":{"start":{"line":11,"column":2},"end":{"line":11,"column":null}},"5":{"start":{"line":37,"column":0},"end":{"line":70,"column":2}},"6":{"start":{"line":72,"column":0},"end":{"line":72,"column":20}}},"fnMap":{"0":{"name":"(anonymous_0)","decl":{"start":{"line":9,"column":0},"end":{"line":9,"column":12}},"loc":{"start":{"line":9,"column":20},"end":{"line":12,"column":1}}}},"branchMap":{"0":{"loc":{"start":{"line":9,"column":12},"end":{"line":9,"column":null}},"type":"binary-expr","locations":[{"start":{"line":9,"column":12},"end":{"line":9,"column":20}},{"start":{"line":9,"column":20},"end":{"line":9,"column":null}}]}},"s":{"0":4,"1":4,"2":4,"3":4,"4":4,"5":4,"6":4},"f":{"0":4},"b":{"0":[4,4]}}
,"/Users/maxuser/Documents/projects/scello_be_task_manager/src/repositories/task.repository.ts": {"path":"/Users/maxuser/Documents/projects/scello_be_task_manager/src/repositories/task.repository.ts","statementMap":{"0":{"start":{"line":1,"column":0},"end":{"line":1,"column":34}},"1":{"start":{"line":3,"column":0},"end":{"line":3,"column":31}},"2":{"start":{"line":5,"column":26},"end":{"line":7,"column":2}},"3":{"start":{"line":5,"column":58},"end":{"line":7,"column":2}},"4":{"start":{"line":6,"column":4},"end":{"line":6,"column":35}},"5":{"start":{"line":5,"column":13},"end":{"line":5,"column":26}},"6":{"start":{"line":9,"column":33},"end":{"line":22,"column":2}},"7":{"start":{"line":15,"column":4},"end":{"line":22,"column":2}},"8":{"start":{"line":16,"column":4},"end":{"line":21,"column":7}},"9":{"start":{"line":9,"column":13},"end":{"line":9,"column":33}},"10":{"start":{"line":24,"column":28},"end":{"line":26,"column":2}},"11":{"start":{"line":24,"column":65},"end":{"line":26,"column":2}},"12":{"start":{"line":25,"column":4},"end":{"line":25,"column":57}},"13":{"start":{"line":24,"column":13},"end":{"line":24,"column":28}},"14":{"start":{"line":28,"column":30},"end":{"line":36,"column":2}},"15":{"start":{"line":32,"column":4},"end":{"line":36,"column":2}},"16":{"start":{"line":33,"column":17},"end":{"line":33,"column":47}},"17":{"start":{"line":34,"column":4},"end":{"line":34,"column":27}},"18":{"start":{"line":34,"column":15},"end":{"line":34,"column":27}},"19":{"start":{"line":35,"column":4},"end":{"line":35,"column":38}},"20":{"start":{"line":28,"column":13},"end":{"line":28,"column":30}},"21":{"start":{"line":38,"column":30},"end":{"line":43,"column":2}},"22":{"start":{"line":38,"column":67},"end":{"line":43,"column":2}},"23":{"start":{"line":39,"column":17},"end":{"line":39,"column":47}},"24":{"start":{"line":40,"column":4},"end":{"line":40,"column":27}},"25":{"start":{"line":40,"column":15},"end":{"line":40,"column":27}},"26":{"start":{"line":41,"column":4},"end":{"line":41,"column":25}},"27":{"start":{"line":42,"column":4},"end":{"line":42,"column":16}},"28":{"start":{"line":38,"column":13},"end":{"line":38,"column":30}},"29":{"start":{"line":45,"column":35},"end":{"line":55,"column":2}},"30":{"start":{"line":45,"column":96},"end":{"line":55,"column":2}},"31":{"start":{"line":46,"column":4},"end":{"line":54,"column":7}},"32":{"start":{"line":45,"column":13},"end":{"line":45,"column":35}},"33":{"start":{"line":57,"column":39},"end":{"line":66,"column":2}},"34":{"start":{"line":57,"column":64},"end":{"line":66,"column":2}},"35":{"start":{"line":58,"column":23},"end":{"line":58,"column":62}},"36":{"start":{"line":59,"column":27},"end":{"line":59,"column":87}},"37":{"start":{"line":61,"column":4},"end":{"line":65,"column":6}},"38":{"start":{"line":57,"column":13},"end":{"line":57,"column":39}}},"fnMap":{"0":{"name":"(anonymous_8)","decl":{"start":{"line":5,"column":26},"end":{"line":5,"column":33}},"loc":{"start":{"line":5,"column":58},"end":{"line":7,"column":2}}},"1":{"name":"(anonymous_9)","decl":{"start":{"line":5,"column":58},"end":{"line":5,"column":null}},"loc":{"start":{"line":5,"column":58},"end":{"line":7,"column":1}}},"2":{"name":"(anonymous_10)","decl":{"start":{"line":9,"column":33},"end":{"line":9,"column":null}},"loc":{"start":{"line":15,"column":4},"end":{"line":22,"column":2}}},"3":{"name":"(anonymous_11)","decl":{"start":{"line":15,"column":4},"end":{"line":15,"column":null}},"loc":{"start":{"line":15,"column":4},"end":{"line":22,"column":1}}},"4":{"name":"(anonymous_12)","decl":{"start":{"line":24,"column":28},"end":{"line":24,"column":35}},"loc":{"start":{"line":24,"column":65},"end":{"line":26,"column":2}}},"5":{"name":"(anonymous_13)","decl":{"start":{"line":24,"column":65},"end":{"line":24,"column":null}},"loc":{"start":{"line":24,"column":65},"end":{"line":26,"column":1}}},"6":{"name":"(anonymous_14)","decl":{"start":{"line":28,"column":30},"end":{"line":28,"column":null}},"loc":{"start":{"line":32,"column":4},"end":{"line":36,"column":2}}},"7":{"name":"(anonymous_15)","decl":{"start":{"line":32,"column":4},"end":{"line":32,"column":null}},"loc":{"start":{"line":32,"column":4},"end":{"line":36,"column":1}}},"8":{"name":"(anonymous_16)","decl":{"start":{"line":38,"column":30},"end":{"line":38,"column":37}},"loc":{"start":{"line":38,"column":67},"end":{"line":43,"column":2}}},"9":{"name":"(anonymous_17)","decl":{"start":{"line":38,"column":67},"end":{"line":38,"column":null}},"loc":{"start":{"line":38,"column":67},"end":{"line":43,"column":1}}},"10":{"name":"(anonymous_18)","decl":{"start":{"line":45,"column":35},"end":{"line":45,"column":42}},"loc":{"start":{"line":45,"column":96},"end":{"line":55,"column":2}}},"11":{"name":"(anonymous_19)","decl":{"start":{"line":45,"column":96},"end":{"line":45,"column":null}},"loc":{"start":{"line":45,"column":96},"end":{"line":55,"column":1}}},"12":{"name":"(anonymous_20)","decl":{"start":{"line":57,"column":39},"end":{"line":57,"column":46}},"loc":{"start":{"line":57,"column":64},"end":{"line":66,"column":2}}},"13":{"name":"(anonymous_21)","decl":{"start":{"line":57,"column":64},"end":{"line":57,"column":null}},"loc":{"start":{"line":57,"column":64},"end":{"line":66,"column":1}}}},"branchMap":{"0":{"loc":{"start":{"line":34,"column":4},"end":{"line":34,"column":27}},"type":"if","locations":[{"start":{"line":34,"column":4},"end":{"line":34,"column":27}}]},"1":{"loc":{"start":{"line":40,"column":4},"end":{"line":40,"column":27}},"type":"if","locations":[{"start":{"line":40,"column":4},"end":{"line":40,"column":27}}]},"2":{"loc":{"start":{"line":64,"column":24},"end":{"line":64,"column":102}},"type":"cond-expr","locations":[{"start":{"line":64,"column":41},"end":{"line":64,"column":95}},{"start":{"line":64,"column":98},"end":{"line":64,"column":102}}]}},"s":{"0":1,"1":1,"2":1,"3":0,"4":0,"5":1,"6":1,"7":0,"8":0,"9":1,"10":1,"11":0,"12":0,"13":1,"14":1,"15":0,"16":0,"17":0,"18":0,"19":0,"20":1,"21":1,"22":0,"23":0,"24":0,"25":0,"26":0,"27":0,"28":1,"29":1,"30":0,"31":0,"32":1,"33":1,"34":0,"35":0,"36":0,"37":0,"38":1},"f":{"0":0,"1":0,"2":0,"3":0,"4":0,"5":0,"6":0,"7":0,"8":0,"9":0,"10":0,"11":0,"12":0,"13":0},"b":{"0":[0],"1":[0],"2":[0,0]}}
,"/Users/maxuser/Documents/projects/scello_be_task_manager/src/repositories/user.repository.ts": {"path":"/Users/maxuser/Documents/projects/scello_be_task_manager/src/repositories/user.repository.ts","statementMap":{"0":{"start":{"line":1,"column":0},"end":{"line":1,"column":34}},"1":{"start":{"line":4,"column":26},"end":{"line":6,"column":2}},"2":{"start":{"line":4,"column":58},"end":{"line":6,"column":2}},"3":{"start":{"line":5,"column":4},"end":{"line":5,"column":35}},"4":{"start":{"line":4,"column":13},"end":{"line":4,"column":26}},"5":{"start":{"line":8,"column":31},"end":{"line":10,"column":2}},"6":{"start":{"line":8,"column":55},"end":{"line":10,"column":2}},"7":{"start":{"line":9,"column":4},"end":{"line":9,"column":52}},"8":{"start":{"line":8,"column":13},"end":{"line":8,"column":31}},"9":{"start":{"line":12,"column":28},"end":{"line":14,"column":2}},"10":{"start":{"line":12,"column":49},"end":{"line":14,"column":2}},"11":{"start":{"line":13,"column":4},"end":{"line":13,"column":35}},"12":{"start":{"line":12,"column":13},"end":{"line":12,"column":28}},"13":{"start":{"line":16,"column":30},"end":{"line":20,"column":2}},"14":{"start":{"line":16,"column":86},"end":{"line":20,"column":2}},"15":{"start":{"line":17,"column":17},"end":{"line":17,"column":39}},"16":{"start":{"line":18,"column":4},"end":{"line":18,"column":27}},"17":{"start":{"line":18,"column":15},"end":{"line":18,"column":27}},"18":{"start":{"line":19,"column":4},"end":{"line":19,"column":38}},"19":{"start":{"line":16,"column":13},"end":{"line":16,"column":30}},"20":{"start":{"line":22,"column":30},"end":{"line":27,"column":2}},"21":{"start":{"line":22,"column":51},"end":{"line":27,"column":2}},"22":{"start":{"line":23,"column":17},"end":{"line":23,"column":39}},"23":{"start":{"line":24,"column":4},"end":{"line":24,"column":27}},"24":{"start":{"line":24,"column":15},"end":{"line":24,"column":27}},"25":{"start":{"line":25,"column":4},"end":{"line":25,"column":25}},"26":{"start":{"line":26,"column":4},"end":{"line":26,"column":16}},"27":{"start":{"line":22,"column":13},"end":{"line":22,"column":30}},"28":{"start":{"line":29,"column":27},"end":{"line":35,"column":2}},"29":{"start":{"line":29,"column":110},"end":{"line":35,"column":2}},"30":{"start":{"line":30,"column":4},"end":{"line":34,"column":7}},"31":{"start":{"line":29,"column":13},"end":{"line":29,"column":27}}},"fnMap":{"0":{"name":"(anonymous_8)","decl":{"start":{"line":4,"column":26},"end":{"line":4,"column":33}},"loc":{"start":{"line":4,"column":58},"end":{"line":6,"column":2}}},"1":{"name":"(anonymous_9)","decl":{"start":{"line":4,"column":58},"end":{"line":4,"column":null}},"loc":{"start":{"line":4,"column":58},"end":{"line":6,"column":1}}},"2":{"name":"(anonymous_10)","decl":{"start":{"line":8,"column":31},"end":{"line":8,"column":38}},"loc":{"start":{"line":8,"column":55},"end":{"line":10,"column":2}}},"3":{"name":"(anonymous_11)","decl":{"start":{"line":8,"column":55},"end":{"line":8,"column":null}},"loc":{"start":{"line":8,"column":55},"end":{"line":10,"column":1}}},"4":{"name":"(anonymous_12)","decl":{"start":{"line":12,"column":28},"end":{"line":12,"column":35}},"loc":{"start":{"line":12,"column":49},"end":{"line":14,"column":2}}},"5":{"name":"(anonymous_13)","decl":{"start":{"line":12,"column":49},"end":{"line":12,"column":null}},"loc":{"start":{"line":12,"column":49},"end":{"line":14,"column":1}}},"6":{"name":"(anonymous_14)","decl":{"start":{"line":16,"column":30},"end":{"line":16,"column":37}},"loc":{"start":{"line":16,"column":86},"end":{"line":20,"column":2}}},"7":{"name":"(anonymous_15)","decl":{"start":{"line":16,"column":86},"end":{"line":16,"column":null}},"loc":{"start":{"line":16,"column":86},"end":{"line":20,"column":1}}},"8":{"name":"(anonymous_16)","decl":{"start":{"line":22,"column":30},"end":{"line":22,"column":37}},"loc":{"start":{"line":22,"column":51},"end":{"line":27,"column":2}}},"9":{"name":"(anonymous_17)","decl":{"start":{"line":22,"column":51},"end":{"line":22,"column":null}},"loc":{"start":{"line":22,"column":51},"end":{"line":27,"column":1}}},"10":{"name":"(anonymous_18)","decl":{"start":{"line":29,"column":27},"end":{"line":29,"column":34}},"loc":{"start":{"line":29,"column":110},"end":{"line":35,"column":2}}},"11":{"name":"(anonymous_19)","decl":{"start":{"line":29,"column":110},"end":{"line":29,"column":null}},"loc":{"start":{"line":29,"column":110},"end":{"line":35,"column":1}}}},"branchMap":{"0":{"loc":{"start":{"line":18,"column":4},"end":{"line":18,"column":27}},"type":"if","locations":[{"start":{"line":18,"column":4},"end":{"line":18,"column":27}}]},"1":{"loc":{"start":{"line":24,"column":4},"end":{"line":24,"column":27}},"type":"if","locations":[{"start":{"line":24,"column":4},"end":{"line":24,"column":27}}]}},"s":{"0":1,"1":1,"2":0,"3":0,"4":1,"5":1,"6":0,"7":0,"8":1,"9":1,"10":0,"11":0,"12":1,"13":1,"14":0,"15":0,"16":0,"17":0,"18":0,"19":1,"20":1,"21":0,"22":0,"23":0,"24":0,"25":0,"26":0,"27":1,"28":1,"29":0,"30":0,"31":1},"f":{"0":0,"1":0,"2":0,"3":0,"4":0,"5":0,"6":0,"7":0,"8":0,"9":0,"10":0,"11":0},"b":{"0":[0],"1":[0]}}
,"/Users/maxuser/Documents/projects/scello_be_task_manager/src/routes/task.routes.ts": {"path":"/Users/maxuser/Documents/projects/scello_be_task_manager/src/routes/task.routes.ts","statementMap":{"0":{"start":{"line":1,"column":0},"end":{"line":1,"column":30}},"1":{"start":{"line":2,"column":0},"end":{"line":2,"column":62}},"2":{"start":{"line":3,"column":0},"end":{"line":3,"column":153}},"3":{"start":{"line":13,"column":15},"end":{"line":13,"column":31}},"4":{"start":{"line":15,"column":0},"end":{"line":15,"column":49}},"5":{"start":{"line":16,"column":0},"end":{"line":16,"column":40}},"6":{"start":{"line":17,"column":0},"end":{"line":17,"column":46}},"7":{"start":{"line":18,"column":0},"end":{"line":18,"column":45}},"8":{"start":{"line":19,"column":0},"end":{"line":19,"column":48}},"9":{"start":{"line":20,"column":0},"end":{"line":20,"column":62}},"10":{"start":{"line":21,"column":0},"end":{"line":21,"column":61}},"11":{"start":{"line":23,"column":0},"end":{"line":23,"column":22}}},"fnMap":{},"branchMap":{},"s":{"0":0,"1":0,"2":0,"3":0,"4":0,"5":0,"6":0,"7":0,"8":0,"9":0,"10":0,"11":0},"f":{},"b":{}}
,"/Users/maxuser/Documents/projects/scello_be_task_manager/src/routes/user.routes.ts": {"path":"/Users/maxuser/Documents/projects/scello_be_task_manager/src/routes/user.routes.ts","statementMap":{"0":{"start":{"line":1,"column":0},"end":{"line":1,"column":30}},"1":{"start":{"line":2,"column":0},"end":{"line":2,"column":62}},"2":{"start":{"line":3,"column":0},"end":{"line":3,"column":118}},"3":{"start":{"line":13,"column":15},"end":{"line":13,"column":31}},"4":{"start":{"line":15,"column":0},"end":{"line":15,"column":35}},"5":{"start":{"line":16,"column":0},"end":{"line":16,"column":null}},"6":{"start":{"line":17,"column":0},"end":{"line":17,"column":40}},"7":{"start":{"line":18,"column":0},"end":{"line":18,"column":46}},"8":{"start":{"line":19,"column":0},"end":{"line":19,"column":45}},"9":{"start":{"line":20,"column":0},"end":{"line":20,"column":48}},"10":{"start":{"line":22,"column":0},"end":{"line":22,"column":22}}},"fnMap":{},"branchMap":{},"s":{"0":0,"1":0,"2":0,"3":0,"4":0,"5":0,"6":0,"7":0,"8":0,"9":0,"10":0},"f":{},"b":{}}
,"/Users/maxuser/Documents/projects/scello_be_task_manager/src/services/task.service.ts": {"path":"/Users/maxuser/Documents/projects/scello_be_task_manager/src/services/task.service.ts","statementMap":{"0":{"start":{"line":1,"column":0},"end":{"line":1,"column":null}},"1":{"start":{"line":11,"column":0},"end":{"line":11,"column":86}},"2":{"start":{"line":13,"column":22},"end":{"line":15,"column":2}},"3":{"start":{"line":13,"column":54},"end":{"line":15,"column":2}},"4":{"start":{"line":14,"column":4},"end":{"line":14,"column":34}},"5":{"start":{"line":73,"column":4},"end":{"line":73,"column":17}},"6":{"start":{"line":17,"column":22},"end":{"line":26,"column":2}},"7":{"start":{"line":17,"column":59},"end":{"line":26,"column":2}},"8":{"start":{"line":18,"column":43},"end":{"line":18,"column":63}},"9":{"start":{"line":19,"column":19},"end":{"line":19,"column":46}},"10":{"start":{"line":20,"column":22},"end":{"line":20,"column":64}},"11":{"start":{"line":22,"column":28},"end":{"line":22,"column":93}},"12":{"start":{"line":23,"column":23},"end":{"line":23,"column":80}},"13":{"start":{"line":25,"column":4},"end":{"line":25,"column":39}},"14":{"start":{"line":74,"column":4},"end":{"line":74,"column":17}},"15":{"start":{"line":28,"column":22},"end":{"line":32,"column":2}},"16":{"start":{"line":28,"column":59},"end":{"line":32,"column":2}},"17":{"start":{"line":29,"column":17},"end":{"line":29,"column":47}},"18":{"start":{"line":30,"column":4},"end":{"line":30,"column":49}},"19":{"start":{"line":30,"column":15},"end":{"line":30,"column":49}},"20":{"start":{"line":31,"column":4},"end":{"line":31,"column":16}},"21":{"start":{"line":75,"column":4},"end":{"line":75,"column":17}},"22":{"start":{"line":34,"column":19},"end":{"line":42,"column":2}},"23":{"start":{"line":38,"column":4},"end":{"line":42,"column":2}},"24":{"start":{"line":39,"column":20},"end":{"line":39,"column":61}},"25":{"start":{"line":40,"column":4},"end":{"line":40,"column":52}},"26":{"start":{"line":40,"column":18},"end":{"line":40,"column":52}},"27":{"start":{"line":41,"column":4},"end":{"line":41,"column":19}},"28":{"start":{"line":76,"column":4},"end":{"line":76,"column":14}},"29":{"start":{"line":44,"column":19},"end":{"line":48,"column":2}},"30":{"start":{"line":44,"column":56},"end":{"line":48,"column":2}},"31":{"start":{"line":45,"column":17},"end":{"line":45,"column":49}},"32":{"start":{"line":46,"column":4},"end":{"line":46,"column":49}},"33":{"start":{"line":46,"column":15},"end":{"line":46,"column":49}},"34":{"start":{"line":47,"column":4},"end":{"line":47,"column":16}},"35":{"start":{"line":77,"column":4},"end":{"line":77,"column":14}},"36":{"start":{"line":50,"column":30},"end":{"line":66,"column":2}},"37":{"start":{"line":50,"column":91},"end":{"line":66,"column":2}},"38":{"start":{"line":51,"column":18},"end":{"line":51,"column":71}},"39":{"start":{"line":53,"column":27},"end":{"line":56,"column":9}},"40":{"start":{"line":54,"column":26},"end":{"line":54,"column":97}},"41":{"start":{"line":55,"column":8},"end":{"line":55,"column":33}},"42":{"start":{"line":58,"column":4},"end":{"line":65,"column":6}},"43":{"start":{"line":60,"column":36},"end":{"line":64,"column":10}},"44":{"start":{"line":78,"column":4},"end":{"line":78,"column":25}},"45":{"start":{"line":68,"column":34},"end":{"line":70,"column":2}},"46":{"start":{"line":68,"column":59},"end":{"line":70,"column":2}},"47":{"start":{"line":69,"column":4},"end":{"line":69,"column":49}},"48":{"start":{"line":79,"column":4},"end":{"line":79,"column":29}}},"fnMap":{"0":{"name":"(anonymous_7)","decl":{"start":{"line":13,"column":22},"end":{"line":13,"column":29}},"loc":{"start":{"line":13,"column":54},"end":{"line":15,"column":2}}},"1":{"name":"(anonymous_8)","decl":{"start":{"line":13,"column":54},"end":{"line":13,"column":null}},"loc":{"start":{"line":13,"column":54},"end":{"line":15,"column":1}}},"2":{"name":"(anonymous_9)","decl":{"start":{"line":17,"column":22},"end":{"line":17,"column":29}},"loc":{"start":{"line":17,"column":59},"end":{"line":26,"column":2}}},"3":{"name":"(anonymous_10)","decl":{"start":{"line":17,"column":59},"end":{"line":17,"column":null}},"loc":{"start":{"line":17,"column":59},"end":{"line":26,"column":1}}},"4":{"name":"(anonymous_11)","decl":{"start":{"line":28,"column":22},"end":{"line":28,"column":29}},"loc":{"start":{"line":28,"column":59},"end":{"line":32,"column":2}}},"5":{"name":"(anonymous_12)","decl":{"start":{"line":28,"column":59},"end":{"line":28,"column":null}},"loc":{"start":{"line":28,"column":59},"end":{"line":32,"column":1}}},"6":{"name":"(anonymous_13)","decl":{"start":{"line":34,"column":19},"end":{"line":34,"column":null}},"loc":{"start":{"line":38,"column":4},"end":{"line":42,"column":2}}},"7":{"name":"(anonymous_14)","decl":{"start":{"line":38,"column":4},"end":{"line":38,"column":null}},"loc":{"start":{"line":38,"column":4},"end":{"line":42,"column":1}}},"8":{"name":"(anonymous_15)","decl":{"start":{"line":44,"column":19},"end":{"line":44,"column":26}},"loc":{"start":{"line":44,"column":56},"end":{"line":48,"column":2}}},"9":{"name":"(anonymous_16)","decl":{"start":{"line":44,"column":56},"end":{"line":44,"column":null}},"loc":{"start":{"line":44,"column":56},"end":{"line":48,"column":1}}},"10":{"name":"(anonymous_17)","decl":{"start":{"line":50,"column":30},"end":{"line":50,"column":37}},"loc":{"start":{"line":50,"column":91},"end":{"line":66,"column":2}}},"11":{"name":"(anonymous_18)","decl":{"start":{"line":50,"column":91},"end":{"line":50,"column":null}},"loc":{"start":{"line":50,"column":91},"end":{"line":66,"column":1}}},"12":{"name":"(anonymous_19)","decl":{"start":{"line":53,"column":40},"end":{"line":53,"column":41}},"loc":{"start":{"line":53,"column":56},"end":{"line":56,"column":5}}},"13":{"name":"(anonymous_20)","decl":{"start":{"line":60,"column":25},"end":{"line":60,"column":26}},"loc":{"start":{"line":60,"column":36},"end":{"line":64,"column":10}}},"14":{"name":"(anonymous_21)","decl":{"start":{"line":68,"column":34},"end":{"line":68,"column":41}},"loc":{"start":{"line":68,"column":59},"end":{"line":70,"column":2}}},"15":{"name":"(anonymous_22)","decl":{"start":{"line":68,"column":59},"end":{"line":68,"column":null}},"loc":{"start":{"line":68,"column":59},"end":{"line":70,"column":1}}}},"branchMap":{"0":{"loc":{"start":{"line":19,"column":19},"end":{"line":19,"column":46}},"type":"binary-expr","locations":[{"start":{"line":19,"column":19},"end":{"line":19,"column":31}},{"start":{"line":19,"column":35},"end":{"line":19,"column":46}}]},"1":{"loc":{"start":{"line":20,"column":22},"end":{"line":20,"column":64}},"type":"cond-expr","locations":[{"start":{"line":20,"column":50},"end":{"line":20,"column":55}},{"start":{"line":20,"column":58},"end":{"line":20,"column":64}}]},"2":{"loc":{"start":{"line":30,"column":4},"end":{"line":30,"column":49}},"type":"if","locations":[{"start":{"line":30,"column":4},"end":{"line":30,"column":49}}]},"3":{"loc":{"start":{"line":40,"column":4},"end":{"line":40,"column":52}},"type":"if","locations":[{"start":{"line":40,"column":4},"end":{"line":40,"column":52}}]},"4":{"loc":{"start":{"line":46,"column":4},"end":{"line":46,"column":49}},"type":"if","locations":[{"start":{"line":46,"column":4},"end":{"line":46,"column":49}}]}},"s":{"0":1,"1":1,"2":1,"3":0,"4":0,"5":1,"6":1,"7":0,"8":0,"9":0,"10":0,"11":0,"12":0,"13":0,"14":1,"15":1,"16":0,"17":0,"18":0,"19":0,"20":0,"21":1,"22":1,"23":0,"24":0,"25":0,"26":0,"27":0,"28":1,"29":1,"30":0,"31":0,"32":0,"33":0,"34":0,"35":1,"36":1,"37":0,"38":0,"39":0,"40":0,"41":0,"42":0,"43":0,"44":1,"45":1,"46":0,"47":0,"48":1},"f":{"0":0,"1":0,"2":0,"3":0,"4":0,"5":0,"6":0,"7":0,"8":0,"9":0,"10":0,"11":0,"12":0,"13":0,"14":0,"15":0},"b":{"0":[0,0],"1":[0,0],"2":[0],"3":[0],"4":[0]}}
,"/Users/maxuser/Documents/projects/scello_be_task_manager/src/services/user.service.ts": {"path":"/Users/maxuser/Documents/projects/scello_be_task_manager/src/services/user.service.ts","statementMap":{"0":{"start":{"line":1,"column":0},"end":{"line":1,"column":28}},"1":{"start":{"line":2,"column":0},"end":{"line":2,"column":null}},"2":{"start":{"line":10,"column":0},"end":{"line":10,"column":86}},"3":{"start":{"line":12,"column":0},"end":{"line":12,"column":41}},"4":{"start":{"line":14,"column":29},"end":{"line":21,"column":2}},"5":{"start":{"line":14,"column":61},"end":{"line":21,"column":2}},"6":{"start":{"line":15,"column":21},"end":{"line":15,"column":54}},"7":{"start":{"line":16,"column":4},"end":{"line":16,"column":58}},"8":{"start":{"line":16,"column":18},"end":{"line":16,"column":58}},"9":{"start":{"line":18,"column":27},"end":{"line":18,"column":59}},"10":{"start":{"line":20,"column":4},"end":{"line":20,"column":67}},"11":{"start":{"line":14,"column":13},"end":{"line":14,"column":29}},"12":{"start":{"line":24,"column":32},"end":{"line":53,"column":2}},"13":{"start":{"line":24,"column":111},"end":{"line":53,"column":2}},"14":{"start":{"line":25,"column":17},"end":{"line":25,"column":50}},"15":{"start":{"line":27,"column":4},"end":{"line":29,"column":5}},"16":{"start":{"line":28,"column":8},"end":{"line":28,"column":42}},"17":{"start":{"line":31,"column":28},"end":{"line":31,"column":77}},"18":{"start":{"line":32,"column":4},"end":{"line":34,"column":5}},"19":{"start":{"line":33,"column":8},"end":{"line":33,"column":44}},"20":{"start":{"line":36,"column":33},"end":{"line":40,"column":6}},"21":{"start":{"line":42,"column":18},"end":{"line":42,"column":57}},"22":{"start":{"line":44,"column":39},"end":{"line":50,"column":6}},"23":{"start":{"line":52,"column":4},"end":{"line":52,"column":41}},"24":{"start":{"line":24,"column":13},"end":{"line":24,"column":32}},"25":{"start":{"line":55,"column":26},"end":{"line":64,"column":2}},"26":{"start":{"line":55,"column":47},"end":{"line":64,"column":2}},"27":{"start":{"line":56,"column":43},"end":{"line":56,"column":63}},"28":{"start":{"line":57,"column":19},"end":{"line":57,"column":46}},"29":{"start":{"line":58,"column":22},"end":{"line":58,"column":64}},"30":{"start":{"line":60,"column":28},"end":{"line":60,"column":79}},"31":{"start":{"line":61,"column":23},"end":{"line":61,"column":80}},"32":{"start":{"line":63,"column":4},"end":{"line":63,"column":39}},"33":{"start":{"line":55,"column":13},"end":{"line":55,"column":26}},"34":{"start":{"line":66,"column":29},"end":{"line":70,"column":2}},"35":{"start":{"line":66,"column":50},"end":{"line":70,"column":2}},"36":{"start":{"line":67,"column":17},"end":{"line":67,"column":39}},"37":{"start":{"line":68,"column":4},"end":{"line":68,"column":49}},"38":{"start":{"line":68,"column":15},"end":{"line":68,"column":49}},"39":{"start":{"line":69,"column":4},"end":{"line":69,"column":16}},"40":{"start":{"line":66,"column":13},"end":{"line":66,"column":29}},"41":{"start":{"line":72,"column":26},"end":{"line":76,"column":2}},"42":{"start":{"line":72,"column":82},"end":{"line":76,"column":2}},"43":{"start":{"line":73,"column":20},"end":{"line":73,"column":53}},"44":{"start":{"line":74,"column":4},"end":{"line":74,"column":52}},"45":{"start":{"line":74,"column":18},"end":{"line":74,"column":52}},"46":{"start":{"line":75,"column":4},"end":{"line":75,"column":19}},"47":{"start":{"line":72,"column":13},"end":{"line":72,"column":26}},"48":{"start":{"line":78,"column":26},"end":{"line":82,"column":2}},"49":{"start":{"line":78,"column":47},"end":{"line":82,"column":2}},"50":{"start":{"line":79,"column":17},"end":{"line":79,"column":41}},"51":{"start":{"line":80,"column":4},"end":{"line":80,"column":49}},"52":{"start":{"line":80,"column":15},"end":{"line":80,"column":49}},"53":{"start":{"line":81,"column":4},"end":{"line":81,"column":16}},"54":{"start":{"line":78,"column":13},"end":{"line":78,"column":26}}},"fnMap":{"0":{"name":"(anonymous_8)","decl":{"start":{"line":14,"column":29},"end":{"line":14,"column":36}},"loc":{"start":{"line":14,"column":61},"end":{"line":21,"column":2}}},"1":{"name":"(anonymous_9)","decl":{"start":{"line":14,"column":61},"end":{"line":14,"column":null}},"loc":{"start":{"line":14,"column":61},"end":{"line":21,"column":1}}},"2":{"name":"(anonymous_10)","decl":{"start":{"line":24,"column":32},"end":{"line":24,"column":39}},"loc":{"start":{"line":24,"column":111},"end":{"line":53,"column":2}}},"3":{"name":"(anonymous_11)","decl":{"start":{"line":24,"column":111},"end":{"line":24,"column":null}},"loc":{"start":{"line":24,"column":111},"end":{"line":53,"column":1}}},"4":{"name":"(anonymous_12)","decl":{"start":{"line":55,"column":26},"end":{"line":55,"column":33}},"loc":{"start":{"line":55,"column":47},"end":{"line":64,"column":2}}},"5":{"name":"(anonymous_13)","decl":{"start":{"line":55,"column":47},"end":{"line":55,"column":null}},"loc":{"start":{"line":55,"column":47},"end":{"line":64,"column":1}}},"6":{"name":"(anonymous_14)","decl":{"start":{"line":66,"column":29},"end":{"line":66,"column":36}},"loc":{"start":{"line":66,"column":50},"end":{"line":70,"column":2}}},"7":{"name":"(anonymous_15)","decl":{"start":{"line":66,"column":50},"end":{"line":66,"column":null}},"loc":{"start":{"line":66,"column":50},"end":{"line":70,"column":1}}},"8":{"name":"(anonymous_16)","decl":{"start":{"line":72,"column":26},"end":{"line":72,"column":33}},"loc":{"start":{"line":72,"column":82},"end":{"line":76,"column":2}}},"9":{"name":"(anonymous_17)","decl":{"start":{"line":72,"column":82},"end":{"line":72,"column":null}},"loc":{"start":{"line":72,"column":82},"end":{"line":76,"column":1}}},"10":{"name":"(anonymous_18)","decl":{"start":{"line":78,"column":26},"end":{"line":78,"column":33}},"loc":{"start":{"line":78,"column":47},"end":{"line":82,"column":2}}},"11":{"name":"(anonymous_19)","decl":{"start":{"line":78,"column":47},"end":{"line":78,"column":null}},"loc":{"start":{"line":78,"column":47},"end":{"line":82,"column":1}}}},"branchMap":{"0":{"loc":{"start":{"line":16,"column":4},"end":{"line":16,"column":58}},"type":"if","locations":[{"start":{"line":16,"column":4},"end":{"line":16,"column":58}}]},"1":{"loc":{"start":{"line":27,"column":4},"end":{"line":29,"column":5}},"type":"if","locations":[{"start":{"line":27,"column":4},"end":{"line":29,"column":5}}]},"2":{"loc":{"start":{"line":32,"column":4},"end":{"line":34,"column":5}},"type":"if","locations":[{"start":{"line":32,"column":4},"end":{"line":34,"column":5}}]},"3":{"loc":{"start":{"line":57,"column":19},"end":{"line":57,"column":46}},"type":"binary-expr","locations":[{"start":{"line":57,"column":19},"end":{"line":57,"column":31}},{"start":{"line":57,"column":35},"end":{"line":57,"column":46}}]},"4":{"loc":{"start":{"line":58,"column":22},"end":{"line":58,"column":64}},"type":"cond-expr","locations":[{"start":{"line":58,"column":50},"end":{"line":58,"column":55}},{"start":{"line":58,"column":58},"end":{"line":58,"column":64}}]},"5":{"loc":{"start":{"line":68,"column":4},"end":{"line":68,"column":49}},"type":"if","locations":[{"start":{"line":68,"column":4},"end":{"line":68,"column":49}}]},"6":{"loc":{"start":{"line":74,"column":4},"end":{"line":74,"column":52}},"type":"if","locations":[{"start":{"line":74,"column":4},"end":{"line":74,"column":52}}]},"7":{"loc":{"start":{"line":80,"column":4},"end":{"line":80,"column":49}},"type":"if","locations":[{"start":{"line":80,"column":4},"end":{"line":80,"column":49}}]}},"s":{"0":1,"1":1,"2":1,"3":1,"4":1,"5":0,"6":0,"7":0,"8":0,"9":0,"10":0,"11":1,"12":1,"13":0,"14":0,"15":0,"16":0,"17":0,"18":0,"19":0,"20":0,"21":0,"22":0,"23":0,"24":1,"25":1,"26":0,"27":0,"28":0,"29":0,"30":0,"31":0,"32":0,"33":1,"34":1,"35":0,"36":0,"37":0,"38":0,"39":0,"40":1,"41":1,"42":0,"43":0,"44":0,"45":0,"46":0,"47":1,"48":1,"49":0,"50":0,"51":0,"52":0,"53":0,"54":1},"f":{"0":0,"1":0,"2":0,"3":0,"4":0,"5":0,"6":0,"7":0,"8":0,"9":0,"10":0,"11":0},"b":{"0":[0],"1":[0],"2":[0],"3":[0,0],"4":[0,0],"5":[0],"6":[0],"7":[0]}}
,"/Users/maxuser/Documents/projects/scello_be_task_manager/src/utils/jwt.ts": {"path":"/Users/maxuser/Documents/projects/scello_be_task_manager/src/utils/jwt.ts","statementMap":{"0":{"start":{"line":1,"column":0},"end":{"line":1,"column":23}},"1":{"start":{"line":2,"column":0},"end":{"line":2,"column":60}},"2":{"start":{"line":4,"column":21},"end":{"line":8,"column":1}},"3":{"start":{"line":5,"column":19},"end":{"line":5,"column":41}},"4":{"start":{"line":6,"column":4},"end":{"line":6,"column":87}},"5":{"start":{"line":6,"column":17},"end":{"line":6,"column":87}},"6":{"start":{"line":7,"column":4},"end":{"line":7,"column":18}},"7":{"start":{"line":10,"column":25},"end":{"line":15,"column":1}},"8":{"start":{"line":14,"column":4},"end":{"line":14,"column":54}},"9":{"start":{"line":10,"column":13},"end":{"line":10,"column":25}},"10":{"start":{"line":17,"column":27},"end":{"line":21,"column":1}},"11":{"start":{"line":20,"column":4},"end":{"line":20,"column":45}},"12":{"start":{"line":17,"column":13},"end":{"line":17,"column":27}}},"fnMap":{"0":{"name":"(anonymous_1)","decl":{"start":{"line":4,"column":21},"end":{"line":4,"column":32}},"loc":{"start":{"line":4,"column":34},"end":{"line":8,"column":1}}},"1":{"name":"(anonymous_2)","decl":{"start":{"line":10,"column":25},"end":{"line":10,"column":null}},"loc":{"start":{"line":13,"column":12},"end":{"line":15,"column":1}}},"2":{"name":"(anonymous_3)","decl":{"start":{"line":17,"column":27},"end":{"line":17,"column":null}},"loc":{"start":{"line":19,"column":25},"end":{"line":21,"column":1}}}},"branchMap":{"0":{"loc":{"start":{"line":6,"column":4},"end":{"line":6,"column":87}},"type":"if","locations":[{"start":{"line":6,"column":4},"end":{"line":6,"column":87}}]},"1":{"loc":{"start":{"line":12,"column":4},"end":{"line":12,"column":46}},"type":"default-arg","locations":[{"start":{"line":12,"column":27},"end":{"line":12,"column":46}}]}},"s":{"0":1,"1":1,"2":1,"3":0,"4":0,"5":0,"6":0,"7":1,"8":0,"9":1,"10":1,"11":0,"12":1},"f":{"0":0,"1":0,"2":0},"b":{"0":[0],"1":[0]}}
,"/Users/maxuser/Documents/projects/scello_be_task_manager/src/validations/task.validation.ts": {"path":"/Users/maxuser/Documents/projects/scello_be_task_manager/src/validations/task.validation.ts","statementMap":{"0":{"start":{"line":1,"column":0},"end":{"line":1,"column":24}},"1":{"start":{"line":2,"column":0},"end":{"line":2,"column":44}},"2":{"start":{"line":4,"column":13},"end":{"line":9,"column":3}},"3":{"start":{"line":11,"column":13},"end":{"line":15,"column":3}}},"fnMap":{},"branchMap":{},"s":{"0":1,"1":1,"2":1,"3":1},"f":{},"b":{}}
,"/Users/maxuser/Documents/projects/scello_be_task_manager/src/validations/user.validation.ts": {"path":"/Users/maxuser/Documents/projects/scello_be_task_manager/src/validations/user.validation.ts","statementMap":{"0":{"start":{"line":1,"column":0},"end":{"line":1,"column":24}},"1":{"start":{"line":2,"column":0},"end":{"line":2,"column":42}},"2":{"start":{"line":4,"column":13},"end":{"line":9,"column":3}},"3":{"start":{"line":11,"column":13},"end":{"line":14,"column":3}},"4":{"start":{"line":16,"column":13},"end":{"line":18,"column":3}},"5":{"start":{"line":20,"column":13},"end":{"line":25,"column":3}},"6":{"start":{"line":27,"column":13},"end":{"line":30,"column":3}}},"fnMap":{},"branchMap":{},"s":{"0":1,"1":1,"2":1,"3":1,"4":1,"5":1,"6":1},"f":{},"b":{}}
}
